<?xml version="1.0" encoding="UTF-8"?><testrun name="CucucmberRunner" project="ScenariosToAutomate" tests="32" started="32" failures="0" errors="5" ignored="15">
  <testsuite name="com.CucumberRunner.CucucmberRunner" time="637.866">
    <testsuite name="Feature: Course available online" time="637.866">
      <testsuite name="Scenario Outline: True To False" time="136.921">
        <testsuite name="Examples:" time="136.921">
          <testsuite name="| International Year One in Business | aCI3A000000Caf5WAC | //div[@class='ReferenceCard__title'][text()='International Year One in Business - January Start - 3 Terms - NCL - 2018/19'] | 01t3A000007GaTpQAK |" time="132.454" incomplete="true">
            <error>org.openqa.selenium.NoSuchWindowException: no such window: target window already closed
from unknown error: web view not found
  (Session info: chrome=67.0.3396.99)
  (Driver info: chromedriver=2.40.565498 (ea082db3280dd6843ebfb08a625e3eb905c4f5ab),platform=Windows NT 10.0.17134 x86_64) (WARNING: The server did not provide any stacktrace information)
Command duration or timeout: 0 milliseconds
Build info: version: '3.7.1', revision: '8a0099a', time: '2017-11-06T21:01:39.354Z'
System info: host: 'BTNISDL1PTPSF2', ip: '10.11.11.160', os.name: 'Windows 10', os.arch: 'amd64', os.version: '10.0', java.version: '1.8.0_172'
Driver info: org.openqa.selenium.chrome.ChromeDriver
Capabilities {acceptInsecureCerts: false, acceptSslCerts: false, applicationCacheEnabled: false, browserConnectionEnabled: false, browserName: chrome, chrome: {chromedriverVersion: 2.40.565498 (ea082db3280dd6..., userDataDir: C:\Users\SRUTHI~1.KUN\AppDa...}, cssSelectorsEnabled: true, databaseEnabled: false, handlesAlerts: true, hasTouchScreen: false, javascriptEnabled: true, locationContextEnabled: true, mobileEmulationEnabled: false, nativeEvents: true, networkConnectionEnabled: false, pageLoadStrategy: normal, platform: XP, platformName: XP, rotatable: false, setWindowRect: true, takesHeapSnapshot: true, takesScreenshot: true, unexpectedAlertBehaviour: , unhandledPromptBehavior: , version: 67.0.3396.99, webStorageEnabled: true}
Session ID: dd1bf7845a4530cf488b10760a385ae7&#13;
	at sun.reflect.NativeConstructorAccessorImpl.newInstance0(Native Method)&#13;
	at sun.reflect.NativeConstructorAccessorImpl.newInstance(NativeConstructorAccessorImpl.java:62)&#13;
	at sun.reflect.DelegatingConstructorAccessorImpl.newInstance(DelegatingConstructorAccessorImpl.java:45)&#13;
	at java.lang.reflect.Constructor.newInstance(Constructor.java:423)&#13;
	at org.openqa.selenium.remote.ErrorHandler.createThrowable(ErrorHandler.java:214)&#13;
	at org.openqa.selenium.remote.ErrorHandler.throwIfResponseFailed(ErrorHandler.java:166)&#13;
	at org.openqa.selenium.remote.http.JsonHttpResponseCodec.reconstructValue(JsonHttpResponseCodec.java:40)&#13;
	at org.openqa.selenium.remote.http.AbstractHttpResponseCodec.decode(AbstractHttpResponseCodec.java:80)&#13;
	at org.openqa.selenium.remote.http.AbstractHttpResponseCodec.decode(AbstractHttpResponseCodec.java:44)&#13;
	at org.openqa.selenium.remote.HttpCommandExecutor.execute(HttpCommandExecutor.java:164)&#13;
	at org.openqa.selenium.remote.service.DriverCommandExecutor.execute(DriverCommandExecutor.java:83)&#13;
	at org.openqa.selenium.remote.RemoteWebDriver.execute(RemoteWebDriver.java:600)&#13;
	at org.openqa.selenium.remote.RemoteWebDriver.execute(RemoteWebDriver.java:657)&#13;
	at org.openqa.selenium.remote.RemoteWebDriver.getScreenshotAs(RemoteWebDriver.java:342)&#13;
	at com.Utilities.GlobalHooks.screenShot(GlobalHooks.java:51)&#13;
	at com.StepDefination.CourseAvalableOnlineStepDef.i_should_see_available_online_option_unticked(CourseAvalableOnlineStepDef.java:107)&#13;
	at âœ½.Then I should see available online option unticked(CourseAvailableOnline.feature:16)&#13;
&#13;
</error>
            <testcase name="Given I am in Contentful home page(| International Year One in Business | aCI3A000000Caf5WAC | //div[@class='ReferenceCard__title'][text" classname=")='International Year One in Business - January Start - 3 Terms - NCL - 2018/19'] | 01t3A000007GaTpQAK |" time="5.586"/>
            <testcase name="And I select Outcome in the dropdown(| International Year One in Business | aCI3A000000Caf5WAC | //div[@class='ReferenceCard__title'][text" classname=")='International Year One in Business - January Start - 3 Terms - NCL - 2018/19'] | 01t3A000007GaTpQAK |" time="1.352"/>
            <testcase name="And I select scheduledcourse in the outcome(| International Year One in Business | aCI3A000000Caf5WAC | //div[@class='ReferenceCard__title'][text" classname=")='International Year One in Business - January Start - 3 Terms - NCL - 2018/19'] | 01t3A000007GaTpQAK |" time="1.853"/>
            <testcase name="And I enter &quot;International Year One in Business&quot; in search area(| International Year One in Business | aCI3A000000Caf5WAC | //div[@class='ReferenceCard__title'][text" classname=")='International Year One in Business - January Start - 3 Terms - NCL - 2018/19'] | 01t3A000007GaTpQAK |" time="0.044"/>
            <testcase name="And I click on search button(| International Year One in Business | aCI3A000000Caf5WAC | //div[@class='ReferenceCard__title'][text" classname=")='International Year One in Business - January Start - 3 Terms - NCL - 2018/19'] | 01t3A000007GaTpQAK |" time="2.098"/>
            <testcase name="And I select &quot;aCI3A000000Caf5WAC&quot;in search results(| International Year One in Business | aCI3A000000Caf5WAC | //div[@class='ReferenceCard__title'][text" classname=")='International Year One in Business - January Start - 3 Terms - NCL - 2018/19'] | 01t3A000007GaTpQAK |" time="13.126"/>
            <testcase name="And I click on that selected &quot;//div[@class='ReferenceCard__title'][text()='International Year One in Business - January Start - 3 Terms - NCL - 2018/19']&quot;from search results(| International Year One in Business | aCI3A000000Caf5WAC | //div[@class='ReferenceCard__title'][text" classname=")='International Year One in Business - January Start - 3 Terms - NCL - 2018/19'] | 01t3A000007GaTpQAK |" time="5.651"/>
            <testcase name="When I am navigating to salesforce(| International Year One in Business | aCI3A000000Caf5WAC | //div[@class='ReferenceCard__title'][text" classname=")='International Year One in Business - January Start - 3 Terms - NCL - 2018/19'] | 01t3A000007GaTpQAK |" time="2.784"/>
            <testcase name="And I am searching for scheduled course with &quot;01t3A000007GaTpQAK&quot;(| International Year One in Business | aCI3A000000Caf5WAC | //div[@class='ReferenceCard__title'][text" classname=")='International Year One in Business - January Start - 3 Terms - NCL - 2018/19'] | 01t3A000007GaTpQAK |" time="0.069"/>
            <testcase name="And I scroll the page to see Available online option(| International Year One in Business | aCI3A000000Caf5WAC | //div[@class='ReferenceCard__title'][text" classname=")='International Year One in Business - January Start - 3 Terms - NCL - 2018/19'] | 01t3A000007GaTpQAK |" time="10.434"/>
            <testcase name="And I am double click on Available online option(| International Year One in Business | aCI3A000000Caf5WAC | //div[@class='ReferenceCard__title'][text" classname=")='International Year One in Business - January Start - 3 Terms - NCL - 2018/19'] | 01t3A000007GaTpQAK |" time="5.132"/>
            <testcase name="And I click on save button(| International Year One in Business | aCI3A000000Caf5WAC | //div[@class='ReferenceCard__title'][text" classname=")='International Year One in Business - January Start - 3 Terms - NCL - 2018/19'] | 01t3A000007GaTpQAK |" time="84.324"/>
            <testcase name="Then I should see available online option unticked(| International Year One in Business | aCI3A000000Caf5WAC | //div[@class='ReferenceCard__title'][text" classname=")='International Year One in Business - January Start - 3 Terms - NCL - 2018/19'] | 01t3A000007GaTpQAK |" time="0.0">
              <error>org.openqa.selenium.NoSuchWindowException: no such window: target window already closed
from unknown error: web view not found
  (Session info: chrome=67.0.3396.99)
  (Driver info: chromedriver=2.40.565498 (ea082db3280dd6843ebfb08a625e3eb905c4f5ab),platform=Windows NT 10.0.17134 x86_64) (WARNING: The server did not provide any stacktrace information)
Command duration or timeout: 0 milliseconds
Build info: version: '3.7.1', revision: '8a0099a', time: '2017-11-06T21:01:39.354Z'
System info: host: 'BTNISDL1PTPSF2', ip: '10.11.11.160', os.name: 'Windows 10', os.arch: 'amd64', os.version: '10.0', java.version: '1.8.0_172'
Driver info: org.openqa.selenium.chrome.ChromeDriver
Capabilities {acceptInsecureCerts: false, acceptSslCerts: false, applicationCacheEnabled: false, browserConnectionEnabled: false, browserName: chrome, chrome: {chromedriverVersion: 2.40.565498 (ea082db3280dd6..., userDataDir: C:\Users\SRUTHI~1.KUN\AppDa...}, cssSelectorsEnabled: true, databaseEnabled: false, handlesAlerts: true, hasTouchScreen: false, javascriptEnabled: true, locationContextEnabled: true, mobileEmulationEnabled: false, nativeEvents: true, networkConnectionEnabled: false, pageLoadStrategy: normal, platform: XP, platformName: XP, rotatable: false, setWindowRect: true, takesHeapSnapshot: true, takesScreenshot: true, unexpectedAlertBehaviour: , unhandledPromptBehavior: , version: 67.0.3396.99, webStorageEnabled: true}
Session ID: dd1bf7845a4530cf488b10760a385ae7&#13;
	at sun.reflect.NativeConstructorAccessorImpl.newInstance0(Native Method)&#13;
	at sun.reflect.NativeConstructorAccessorImpl.newInstance(NativeConstructorAccessorImpl.java:62)&#13;
	at sun.reflect.DelegatingConstructorAccessorImpl.newInstance(DelegatingConstructorAccessorImpl.java:45)&#13;
	at java.lang.reflect.Constructor.newInstance(Constructor.java:423)&#13;
	at org.openqa.selenium.remote.ErrorHandler.createThrowable(ErrorHandler.java:214)&#13;
	at org.openqa.selenium.remote.ErrorHandler.throwIfResponseFailed(ErrorHandler.java:166)&#13;
	at org.openqa.selenium.remote.http.JsonHttpResponseCodec.reconstructValue(JsonHttpResponseCodec.java:40)&#13;
	at org.openqa.selenium.remote.http.AbstractHttpResponseCodec.decode(AbstractHttpResponseCodec.java:80)&#13;
	at org.openqa.selenium.remote.http.AbstractHttpResponseCodec.decode(AbstractHttpResponseCodec.java:44)&#13;
	at org.openqa.selenium.remote.HttpCommandExecutor.execute(HttpCommandExecutor.java:164)&#13;
	at org.openqa.selenium.remote.service.DriverCommandExecutor.execute(DriverCommandExecutor.java:83)&#13;
	at org.openqa.selenium.remote.RemoteWebDriver.execute(RemoteWebDriver.java:600)&#13;
	at org.openqa.selenium.remote.RemoteWebDriver.execute(RemoteWebDriver.java:657)&#13;
	at org.openqa.selenium.remote.RemoteWebDriver.getScreenshotAs(RemoteWebDriver.java:342)&#13;
	at com.Utilities.GlobalHooks.screenShot(GlobalHooks.java:51)&#13;
	at com.StepDefination.CourseAvalableOnlineStepDef.i_should_see_available_online_option_unticked(CourseAvalableOnlineStepDef.java:107)&#13;
	at âœ½.Then I should see available online option unticked(CourseAvailableOnline.feature:16)&#13;
&#13;
</error>
            </testcase>
          </testsuite>
          <testsuite name="| International Year One in Business | aCI3A000000CafBWAS | //div[@class='ReferenceCard__title'][text()='International Year One in Business - September Start - 3 Terms - NUL - 2018/19'] | 01t3A000007GaxsQAC |" time="0.932" incomplete="true">
            <error>org.openqa.selenium.WebDriverException: unknown error: failed to change window state to maximized, current state is normal
  (Session info: chrome=67.0.3396.99)
  (Driver info: chromedriver=2.40.565498 (ea082db3280dd6843ebfb08a625e3eb905c4f5ab),platform=Windows NT 10.0.17134 x86_64) (WARNING: The server did not provide any stacktrace information)
Command duration or timeout: 0 milliseconds
Build info: version: '3.7.1', revision: '8a0099a', time: '2017-11-06T21:01:39.354Z'
System info: host: 'BTNISDL1PTPSF2', ip: '10.11.11.160', os.name: 'Windows 10', os.arch: 'amd64', os.version: '10.0', java.version: '1.8.0_172'
Driver info: org.openqa.selenium.chrome.ChromeDriver
Capabilities {acceptInsecureCerts: false, acceptSslCerts: false, applicationCacheEnabled: false, browserConnectionEnabled: false, browserName: chrome, chrome: {chromedriverVersion: 2.40.565498 (ea082db3280dd6..., userDataDir: C:\Users\SRUTHI~1.KUN\AppDa...}, cssSelectorsEnabled: true, databaseEnabled: false, handlesAlerts: true, hasTouchScreen: false, javascriptEnabled: true, locationContextEnabled: true, mobileEmulationEnabled: false, nativeEvents: true, networkConnectionEnabled: false, pageLoadStrategy: normal, platform: XP, platformName: XP, rotatable: false, setWindowRect: true, takesHeapSnapshot: true, takesScreenshot: true, unexpectedAlertBehaviour: , unhandledPromptBehavior: , version: 67.0.3396.99, webStorageEnabled: true}
Session ID: 7d6165d18446b30a0d7a56ef33b83553&#13;
	at sun.reflect.NativeConstructorAccessorImpl.newInstance0(Native Method)&#13;
	at sun.reflect.NativeConstructorAccessorImpl.newInstance(NativeConstructorAccessorImpl.java:62)&#13;
	at sun.reflect.DelegatingConstructorAccessorImpl.newInstance(DelegatingConstructorAccessorImpl.java:45)&#13;
	at java.lang.reflect.Constructor.newInstance(Constructor.java:423)&#13;
	at org.openqa.selenium.remote.ErrorHandler.createThrowable(ErrorHandler.java:214)&#13;
	at org.openqa.selenium.remote.ErrorHandler.throwIfResponseFailed(ErrorHandler.java:166)&#13;
	at org.openqa.selenium.remote.http.JsonHttpResponseCodec.reconstructValue(JsonHttpResponseCodec.java:40)&#13;
	at org.openqa.selenium.remote.http.AbstractHttpResponseCodec.decode(AbstractHttpResponseCodec.java:80)&#13;
	at org.openqa.selenium.remote.http.AbstractHttpResponseCodec.decode(AbstractHttpResponseCodec.java:44)&#13;
	at org.openqa.selenium.remote.HttpCommandExecutor.execute(HttpCommandExecutor.java:164)&#13;
	at org.openqa.selenium.remote.service.DriverCommandExecutor.execute(DriverCommandExecutor.java:83)&#13;
	at org.openqa.selenium.remote.RemoteWebDriver.execute(RemoteWebDriver.java:600)&#13;
	at org.openqa.selenium.remote.RemoteWebDriver.execute(RemoteWebDriver.java:657)&#13;
	at org.openqa.selenium.remote.RemoteWebDriver$RemoteWebDriverOptions$RemoteWindow.maximize(RemoteWebDriver.java:891)&#13;
	at com.Utilities.GlobalHooks.startUp(GlobalHooks.java:20)&#13;
	at com.StepDefination.CourseAvalableOnlineStepDef.driverIntialisation(CourseAvalableOnlineStepDef.java:14)&#13;
	at sun.reflect.NativeMethodAccessorImpl.invoke0(Native Method)&#13;
	at sun.reflect.NativeMethodAccessorImpl.invoke(NativeMethodAccessorImpl.java:62)&#13;
	at sun.reflect.DelegatingMethodAccessorImpl.invoke(DelegatingMethodAccessorImpl.java:43)&#13;
	at java.lang.reflect.Method.invoke(Method.java:498)&#13;
	at cucumber.runtime.Utils$1.call(Utils.java:37)&#13;
	at cucumber.runtime.Timeout.timeout(Timeout.java:13)&#13;
	at cucumber.runtime.Utils.invoke(Utils.java:31)&#13;
	at cucumber.runtime.java.JavaHookDefinition.execute(JavaHookDefinition.java:60)&#13;
	at cucumber.runtime.Runtime.runHookIfTagsMatch(Runtime.java:223)&#13;
	at cucumber.runtime.Runtime.runHooks(Runtime.java:211)&#13;
	at cucumber.runtime.Runtime.runBeforeHooks(Runtime.java:201)&#13;
	at cucumber.runtime.model.CucumberScenario.run(CucumberScenario.java:40)&#13;
	at cucumber.runtime.junit.ExecutionUnitRunner.run(ExecutionUnitRunner.java:91)&#13;
	at org.junit.runners.Suite.runChild(Suite.java:127)&#13;
	at org.junit.runners.Suite.runChild(Suite.java:26)&#13;
	at org.junit.runners.ParentRunner$3.run(ParentRunner.java:238)&#13;
	at org.junit.runners.ParentRunner$1.schedule(ParentRunner.java:63)&#13;
	at org.junit.runners.ParentRunner.runChildren(ParentRunner.java:236)&#13;
	at org.junit.runners.ParentRunner.access$000(ParentRunner.java:53)&#13;
	at org.junit.runners.ParentRunner$2.evaluate(ParentRunner.java:229)&#13;
	at org.junit.runners.ParentRunner.run(ParentRunner.java:309)&#13;
	at cucumber.runtime.junit.ExamplesRunner.run(ExamplesRunner.java:59)&#13;
	at org.junit.runners.Suite.runChild(Suite.java:127)&#13;
	at org.junit.runners.Suite.runChild(Suite.java:26)&#13;
	at org.junit.runners.ParentRunner$3.run(ParentRunner.java:238)&#13;
	at org.junit.runners.ParentRunner$1.schedule(ParentRunner.java:63)&#13;
	at org.junit.runners.ParentRunner.runChildren(ParentRunner.java:236)&#13;
	at org.junit.runners.ParentRunner.access$000(ParentRunner.java:53)&#13;
	at org.junit.runners.ParentRunner$2.evaluate(ParentRunner.java:229)&#13;
	at org.junit.runners.ParentRunner.run(ParentRunner.java:309)&#13;
	at cucumber.runtime.junit.ScenarioOutlineRunner.run(ScenarioOutlineRunner.java:53)&#13;
	at cucumber.runtime.junit.FeatureRunner.runChild(FeatureRunner.java:63)&#13;
	at cucumber.runtime.junit.FeatureRunner.runChild(FeatureRunner.java:18)&#13;
	at org.junit.runners.ParentRunner$3.run(ParentRunner.java:238)&#13;
	at org.junit.runners.ParentRunner$1.schedule(ParentRunner.java:63)&#13;
	at org.junit.runners.ParentRunner.runChildren(ParentRunner.java:236)&#13;
	at org.junit.runners.ParentRunner.access$000(ParentRunner.java:53)&#13;
	at org.junit.runners.ParentRunner$2.evaluate(ParentRunner.java:229)&#13;
	at org.junit.runners.ParentRunner.run(ParentRunner.java:309)&#13;
	at cucumber.runtime.junit.FeatureRunner.run(FeatureRunner.java:70)&#13;
	at cucumber.api.junit.Cucumber.runChild(Cucumber.java:93)&#13;
	at cucumber.api.junit.Cucumber.runChild(Cucumber.java:37)&#13;
	at org.junit.runners.ParentRunner$3.run(ParentRunner.java:238)&#13;
	at org.junit.runners.ParentRunner$1.schedule(ParentRunner.java:63)&#13;
	at org.junit.runners.ParentRunner.runChildren(ParentRunner.java:236)&#13;
	at org.junit.runners.ParentRunner.access$000(ParentRunner.java:53)&#13;
	at org.junit.runners.ParentRunner$2.evaluate(ParentRunner.java:229)&#13;
	at org.junit.runners.ParentRunner.run(ParentRunner.java:309)&#13;
	at cucumber.api.junit.Cucumber.run(Cucumber.java:98)&#13;
	at org.eclipse.jdt.internal.junit4.runner.JUnit4TestReference.run(JUnit4TestReference.java:86)&#13;
	at org.eclipse.jdt.internal.junit.runner.TestExecution.run(TestExecution.java:38)&#13;
	at org.eclipse.jdt.internal.junit.runner.RemoteTestRunner.runTests(RemoteTestRunner.java:538)&#13;
	at org.eclipse.jdt.internal.junit.runner.RemoteTestRunner.runTests(RemoteTestRunner.java:760)&#13;
	at org.eclipse.jdt.internal.junit.runner.RemoteTestRunner.run(RemoteTestRunner.java:460)&#13;
	at org.eclipse.jdt.internal.junit.runner.RemoteTestRunner.main(RemoteTestRunner.java:206)&#13;
&#13;
</error>
            <testcase name="Given I am in Contentful home page(| International Year One in Business | aCI3A000000CafBWAS | //div[@class='ReferenceCard__title'][text" classname=")='International Year One in Business - September Start - 3 Terms - NUL - 2018/19'] | 01t3A000007GaxsQAC |" time="0.0" ignored="true"/>
            <testcase name="And I select Outcome in the dropdown(| International Year One in Business | aCI3A000000CafBWAS | //div[@class='ReferenceCard__title'][text" classname=")='International Year One in Business - September Start - 3 Terms - NUL - 2018/19'] | 01t3A000007GaxsQAC |" time="0.0" ignored="true"/>
            <testcase name="And I select scheduledcourse in the outcome(| International Year One in Business | aCI3A000000CafBWAS | //div[@class='ReferenceCard__title'][text" classname=")='International Year One in Business - September Start - 3 Terms - NUL - 2018/19'] | 01t3A000007GaxsQAC |" time="0.0" ignored="true"/>
            <testcase name="And I enter &quot;International Year One in Business&quot; in search area(| International Year One in Business | aCI3A000000CafBWAS | //div[@class='ReferenceCard__title'][text" classname=")='International Year One in Business - September Start - 3 Terms - NUL - 2018/19'] | 01t3A000007GaxsQAC |" time="0.0" ignored="true"/>
            <testcase name="And I click on search button(| International Year One in Business | aCI3A000000CafBWAS | //div[@class='ReferenceCard__title'][text" classname=")='International Year One in Business - September Start - 3 Terms - NUL - 2018/19'] | 01t3A000007GaxsQAC |" time="0.0" ignored="true"/>
            <testcase name="And I select &quot;aCI3A000000CafBWAS&quot;in search results(| International Year One in Business | aCI3A000000CafBWAS | //div[@class='ReferenceCard__title'][text" classname=")='International Year One in Business - September Start - 3 Terms - NUL - 2018/19'] | 01t3A000007GaxsQAC |" time="0.0" ignored="true"/>
            <testcase name="And I click on that selected &quot;//div[@class='ReferenceCard__title'][text()='International Year One in Business - September Start - 3 Terms - NUL - 2018/19']&quot;from search results(| International Year One in Business | aCI3A000000CafBWAS | //div[@class='ReferenceCard__title'][text" classname=")='International Year One in Business - September Start - 3 Terms - NUL - 2018/19'] | 01t3A000007GaxsQAC |" time="0.0" ignored="true"/>
            <testcase name="When I am navigating to salesforce(| International Year One in Business | aCI3A000000CafBWAS | //div[@class='ReferenceCard__title'][text" classname=")='International Year One in Business - September Start - 3 Terms - NUL - 2018/19'] | 01t3A000007GaxsQAC |" time="0.0" ignored="true"/>
            <testcase name="And I am searching for scheduled course with &quot;01t3A000007GaxsQAC&quot;(| International Year One in Business | aCI3A000000CafBWAS | //div[@class='ReferenceCard__title'][text" classname=")='International Year One in Business - September Start - 3 Terms - NUL - 2018/19'] | 01t3A000007GaxsQAC |" time="0.0" ignored="true"/>
            <testcase name="And I scroll the page to see Available online option(| International Year One in Business | aCI3A000000CafBWAS | //div[@class='ReferenceCard__title'][text" classname=")='International Year One in Business - September Start - 3 Terms - NUL - 2018/19'] | 01t3A000007GaxsQAC |" time="0.0" ignored="true"/>
            <testcase name="And I am double click on Available online option(| International Year One in Business | aCI3A000000CafBWAS | //div[@class='ReferenceCard__title'][text" classname=")='International Year One in Business - September Start - 3 Terms - NUL - 2018/19'] | 01t3A000007GaxsQAC |" time="0.0" ignored="true"/>
            <testcase name="And I click on save button(| International Year One in Business | aCI3A000000CafBWAS | //div[@class='ReferenceCard__title'][text" classname=")='International Year One in Business - September Start - 3 Terms - NUL - 2018/19'] | 01t3A000007GaxsQAC |" time="0.0" ignored="true"/>
            <testcase name="Then I should see available online option unticked(| International Year One in Business | aCI3A000000CafBWAS | //div[@class='ReferenceCard__title'][text" classname=")='International Year One in Business - September Start - 3 Terms - NUL - 2018/19'] | 01t3A000007GaxsQAC |" time="0.932" ignored="true"/>
          </testsuite>
        </testsuite>
      </testsuite>
      <testsuite name="Scenario Outline: : False To True" time="487.308">
        <testsuite name="Examples:" time="487.308">
          <testsuite name="| 01t3A000007TDKWQA4 |" time="486.654" incomplete="true">
            <error>java.lang.NullPointerException&#13;
	at com.pages.CourseAvailableOnlinePage.doubleClickOnAvailableOption(CourseAvailableOnlinePage.java:80)&#13;
	at com.StepDefination.CourseAvalableOnlineStepDef.i_am_double_click_on_Available_online_option(CourseAvalableOnlineStepDef.java:94)&#13;
	at âœ½.And I am double click on Available online option(CourseAvailableOnline.feature:27)&#13;
&#13;
</error>
            <testcase name="Given I am navigating to salesforce homepage" classname="| 01t3A000007TDKWQA4 |" time="2.499"/>
            <testcase name="And I am searching for scheduled course with &quot;01t3A000007TDKWQA4&quot; which are having unticked available online option" classname="| 01t3A000007TDKWQA4 |" time="0.002"/>
            <testcase name="And I scroll the page to see Available online option" classname="| 01t3A000007TDKWQA4 |" time="484.152"/>
            <testcase name="And I am double click on Available online option" classname="| 01t3A000007TDKWQA4 |" time="0.0">
              <error>java.lang.NullPointerException&#13;
	at com.pages.CourseAvailableOnlinePage.doubleClickOnAvailableOption(CourseAvailableOnlinePage.java:80)&#13;
	at com.StepDefination.CourseAvalableOnlineStepDef.i_am_double_click_on_Available_online_option(CourseAvalableOnlineStepDef.java:94)&#13;
	at âœ½.And I am double click on Available online option(CourseAvailableOnline.feature:27)&#13;
&#13;
</error>
            </testcase>
            <testcase name="And I click on save button" classname="| 01t3A000007TDKWQA4 |" time="0.001" ignored="true"/>
            <testcase name="Then I should see Available online option ticked" classname="| 01t3A000007TDKWQA4 |" time="0.646" ignored="true"/>
          </testsuite>
        </testsuite>
      </testsuite>
    </testsuite>
  </testsuite>
</testrun>
