<?xml version="1.0" encoding="UTF-8"?><testrun name="CucucmberRunner" project="ScenariosToAutomate" tests="26" started="26" failures="0" errors="4" ignored="11">
  <testsuite name="com.CucumberRunner.CucucmberRunner" time="661.344">
    <testsuite name="Feature: Course available online" time="661.344">
      <testsuite name="Scenario Outline: True To False" time="661.344">
        <testsuite name="Examples:" time="661.344">
          <testsuite name="| International Year One in Business | aCI3A000000Caf5WAC | //div[@class='ReferenceCard__title'][text()='International Year One in Business - January Start - 3 Terms - NCL - 2018/19'] | 01t3A000007GaTpQAK |" time="638.128" incomplete="true">
            <error>org.openqa.selenium.WebDriverException: chrome not reachable
  (Session info: chrome=67.0.3396.99)
  (Driver info: chromedriver=2.40.565498 (ea082db3280dd6843ebfb08a625e3eb905c4f5ab),platform=Windows NT 10.0.17134 x86_64) (WARNING: The server did not provide any stacktrace information)
Command duration or timeout: 0 milliseconds
Build info: version: '3.7.1', revision: '8a0099a', time: '2017-11-06T21:01:39.354Z'
System info: host: 'BTNISDL1PTPSF2', ip: '10.11.11.160', os.name: 'Windows 10', os.arch: 'amd64', os.version: '10.0', java.version: '1.8.0_172'
Driver info: org.openqa.selenium.chrome.ChromeDriver
Capabilities {acceptInsecureCerts: false, acceptSslCerts: false, applicationCacheEnabled: false, browserConnectionEnabled: false, browserName: chrome, chrome: {chromedriverVersion: 2.40.565498 (ea082db3280dd6..., userDataDir: C:\Users\SRUTHI~1.KUN\AppDa...}, cssSelectorsEnabled: true, databaseEnabled: false, handlesAlerts: true, hasTouchScreen: false, javascriptEnabled: true, locationContextEnabled: true, mobileEmulationEnabled: false, nativeEvents: true, networkConnectionEnabled: false, pageLoadStrategy: normal, platform: XP, platformName: XP, rotatable: false, setWindowRect: true, takesHeapSnapshot: true, takesScreenshot: true, unexpectedAlertBehaviour: , unhandledPromptBehavior: , version: 67.0.3396.99, webStorageEnabled: true}
Session ID: 13dfad6f60e685e8c4ff2da6527f0163&#13;
	at sun.reflect.NativeConstructorAccessorImpl.newInstance0(Native Method)&#13;
	at sun.reflect.NativeConstructorAccessorImpl.newInstance(NativeConstructorAccessorImpl.java:62)&#13;
	at sun.reflect.DelegatingConstructorAccessorImpl.newInstance(DelegatingConstructorAccessorImpl.java:45)&#13;
	at java.lang.reflect.Constructor.newInstance(Constructor.java:423)&#13;
	at org.openqa.selenium.remote.ErrorHandler.createThrowable(ErrorHandler.java:214)&#13;
	at org.openqa.selenium.remote.ErrorHandler.throwIfResponseFailed(ErrorHandler.java:166)&#13;
	at org.openqa.selenium.remote.http.JsonHttpResponseCodec.reconstructValue(JsonHttpResponseCodec.java:40)&#13;
	at org.openqa.selenium.remote.http.AbstractHttpResponseCodec.decode(AbstractHttpResponseCodec.java:80)&#13;
	at org.openqa.selenium.remote.http.AbstractHttpResponseCodec.decode(AbstractHttpResponseCodec.java:44)&#13;
	at org.openqa.selenium.remote.HttpCommandExecutor.execute(HttpCommandExecutor.java:164)&#13;
	at org.openqa.selenium.remote.service.DriverCommandExecutor.execute(DriverCommandExecutor.java:83)&#13;
	at org.openqa.selenium.remote.RemoteWebDriver.execute(RemoteWebDriver.java:600)&#13;
	at org.openqa.selenium.remote.RemoteWebDriver.execute(RemoteWebDriver.java:657)&#13;
	at org.openqa.selenium.remote.RemoteWebDriver.getScreenshotAs(RemoteWebDriver.java:342)&#13;
	at com.Utilities.GlobalHooks.screenShot(GlobalHooks.java:51)&#13;
	at com.pages.CourseAvailableOnlinePage.AssertionForUntickedAvailableOption(CourseAvailableOnlinePage.java:106)&#13;
	at com.StepDefination.CourseAvalableOnlineStepDef.i_should_see_available_online_option_unticked(CourseAvalableOnlineStepDef.java:106)&#13;
	at âœ½.Then I should see available online option unticked(CourseAvailableOnline.feature:16)&#13;
&#13;
</error>
            <testcase name="Given I am in Contentful home page(| International Year One in Business | aCI3A000000Caf5WAC | //div[@class='ReferenceCard__title'][text" classname=")='International Year One in Business - January Start - 3 Terms - NCL - 2018/19'] | 01t3A000007GaTpQAK |" time="5.988"/>
            <testcase name="And I select Outcome in the dropdown(| International Year One in Business | aCI3A000000Caf5WAC | //div[@class='ReferenceCard__title'][text" classname=")='International Year One in Business - January Start - 3 Terms - NCL - 2018/19'] | 01t3A000007GaTpQAK |" time="1.452"/>
            <testcase name="And I select scheduledcourse in the outcome(| International Year One in Business | aCI3A000000Caf5WAC | //div[@class='ReferenceCard__title'][text" classname=")='International Year One in Business - January Start - 3 Terms - NCL - 2018/19'] | 01t3A000007GaTpQAK |" time="2.021"/>
            <testcase name="And I enter &quot;International Year One in Business&quot; in search area(| International Year One in Business | aCI3A000000Caf5WAC | //div[@class='ReferenceCard__title'][text" classname=")='International Year One in Business - January Start - 3 Terms - NCL - 2018/19'] | 01t3A000007GaTpQAK |" time="0.051"/>
            <testcase name="And I click on search button(| International Year One in Business | aCI3A000000Caf5WAC | //div[@class='ReferenceCard__title'][text" classname=")='International Year One in Business - January Start - 3 Terms - NCL - 2018/19'] | 01t3A000007GaTpQAK |" time="1.979"/>
            <testcase name="And I select &quot;aCI3A000000Caf5WAC&quot;in search results(| International Year One in Business | aCI3A000000Caf5WAC | //div[@class='ReferenceCard__title'][text" classname=")='International Year One in Business - January Start - 3 Terms - NCL - 2018/19'] | 01t3A000007GaTpQAK |" time="12.427"/>
            <testcase name="And I click on that selected &quot;//div[@class='ReferenceCard__title'][text()='International Year One in Business - January Start - 3 Terms - NCL - 2018/19']&quot;from search results(| International Year One in Business | aCI3A000000Caf5WAC | //div[@class='ReferenceCard__title'][text" classname=")='International Year One in Business - January Start - 3 Terms - NCL - 2018/19'] | 01t3A000007GaTpQAK |" time="5.665"/>
            <testcase name="When I am navigating to salesforce(| International Year One in Business | aCI3A000000Caf5WAC | //div[@class='ReferenceCard__title'][text" classname=")='International Year One in Business - January Start - 3 Terms - NCL - 2018/19'] | 01t3A000007GaTpQAK |" time="4.868"/>
            <testcase name="And I am searching for scheduled course with &quot;01t3A000007GaTpQAK&quot;(| International Year One in Business | aCI3A000000Caf5WAC | //div[@class='ReferenceCard__title'][text" classname=")='International Year One in Business - January Start - 3 Terms - NCL - 2018/19'] | 01t3A000007GaTpQAK |" time="0.151"/>
            <testcase name="And I scroll the page to see Available online option(| International Year One in Business | aCI3A000000Caf5WAC | //div[@class='ReferenceCard__title'][text" classname=")='International Year One in Business - January Start - 3 Terms - NCL - 2018/19'] | 01t3A000007GaTpQAK |" time="10.283"/>
            <testcase name="And I am double click on Available online option(| International Year One in Business | aCI3A000000Caf5WAC | //div[@class='ReferenceCard__title'][text" classname=")='International Year One in Business - January Start - 3 Terms - NCL - 2018/19'] | 01t3A000007GaTpQAK |" time="5.129"/>
            <testcase name="And I click on save button(| International Year One in Business | aCI3A000000Caf5WAC | //div[@class='ReferenceCard__title'][text" classname=")='International Year One in Business - January Start - 3 Terms - NCL - 2018/19'] | 01t3A000007GaTpQAK |" time="588.106"/>
            <testcase name="Then I should see available online option unticked(| International Year One in Business | aCI3A000000Caf5WAC | //div[@class='ReferenceCard__title'][text" classname=")='International Year One in Business - January Start - 3 Terms - NCL - 2018/19'] | 01t3A000007GaTpQAK |" time="0.008">
              <error>org.openqa.selenium.WebDriverException: chrome not reachable
  (Session info: chrome=67.0.3396.99)
  (Driver info: chromedriver=2.40.565498 (ea082db3280dd6843ebfb08a625e3eb905c4f5ab),platform=Windows NT 10.0.17134 x86_64) (WARNING: The server did not provide any stacktrace information)
Command duration or timeout: 0 milliseconds
Build info: version: '3.7.1', revision: '8a0099a', time: '2017-11-06T21:01:39.354Z'
System info: host: 'BTNISDL1PTPSF2', ip: '10.11.11.160', os.name: 'Windows 10', os.arch: 'amd64', os.version: '10.0', java.version: '1.8.0_172'
Driver info: org.openqa.selenium.chrome.ChromeDriver
Capabilities {acceptInsecureCerts: false, acceptSslCerts: false, applicationCacheEnabled: false, browserConnectionEnabled: false, browserName: chrome, chrome: {chromedriverVersion: 2.40.565498 (ea082db3280dd6..., userDataDir: C:\Users\SRUTHI~1.KUN\AppDa...}, cssSelectorsEnabled: true, databaseEnabled: false, handlesAlerts: true, hasTouchScreen: false, javascriptEnabled: true, locationContextEnabled: true, mobileEmulationEnabled: false, nativeEvents: true, networkConnectionEnabled: false, pageLoadStrategy: normal, platform: XP, platformName: XP, rotatable: false, setWindowRect: true, takesHeapSnapshot: true, takesScreenshot: true, unexpectedAlertBehaviour: , unhandledPromptBehavior: , version: 67.0.3396.99, webStorageEnabled: true}
Session ID: 13dfad6f60e685e8c4ff2da6527f0163&#13;
	at sun.reflect.NativeConstructorAccessorImpl.newInstance0(Native Method)&#13;
	at sun.reflect.NativeConstructorAccessorImpl.newInstance(NativeConstructorAccessorImpl.java:62)&#13;
	at sun.reflect.DelegatingConstructorAccessorImpl.newInstance(DelegatingConstructorAccessorImpl.java:45)&#13;
	at java.lang.reflect.Constructor.newInstance(Constructor.java:423)&#13;
	at org.openqa.selenium.remote.ErrorHandler.createThrowable(ErrorHandler.java:214)&#13;
	at org.openqa.selenium.remote.ErrorHandler.throwIfResponseFailed(ErrorHandler.java:166)&#13;
	at org.openqa.selenium.remote.http.JsonHttpResponseCodec.reconstructValue(JsonHttpResponseCodec.java:40)&#13;
	at org.openqa.selenium.remote.http.AbstractHttpResponseCodec.decode(AbstractHttpResponseCodec.java:80)&#13;
	at org.openqa.selenium.remote.http.AbstractHttpResponseCodec.decode(AbstractHttpResponseCodec.java:44)&#13;
	at org.openqa.selenium.remote.HttpCommandExecutor.execute(HttpCommandExecutor.java:164)&#13;
	at org.openqa.selenium.remote.service.DriverCommandExecutor.execute(DriverCommandExecutor.java:83)&#13;
	at org.openqa.selenium.remote.RemoteWebDriver.execute(RemoteWebDriver.java:600)&#13;
	at org.openqa.selenium.remote.RemoteWebDriver.execute(RemoteWebDriver.java:657)&#13;
	at org.openqa.selenium.remote.RemoteWebDriver.getScreenshotAs(RemoteWebDriver.java:342)&#13;
	at com.Utilities.GlobalHooks.screenShot(GlobalHooks.java:51)&#13;
	at com.pages.CourseAvailableOnlinePage.AssertionForUntickedAvailableOption(CourseAvailableOnlinePage.java:106)&#13;
	at com.StepDefination.CourseAvalableOnlineStepDef.i_should_see_available_online_option_unticked(CourseAvalableOnlineStepDef.java:106)&#13;
	at âœ½.Then I should see available online option unticked(CourseAvailableOnline.feature:16)&#13;
&#13;
</error>
            </testcase>
          </testsuite>
          <testsuite name="| International Year One in Business | aCI3A000000CafBWAS | //div[@class='ReferenceCard__title'][text()='International Year One in Business - September Start - 3 Terms - NUL - 2018/19'] | 01t3A000007GaxsQAC |" time="0.889" incomplete="true">
            <error>org.openqa.selenium.ElementNotVisibleException: element not visible: Element is not currently visible and may not be manipulated
  (Session info: chrome=67.0.3396.99)
  (Driver info: chromedriver=2.40.565498 (ea082db3280dd6843ebfb08a625e3eb905c4f5ab),platform=Windows NT 10.0.17134 x86_64) (WARNING: The server did not provide any stacktrace information)
Command duration or timeout: 0 milliseconds
Build info: version: '3.7.1', revision: '8a0099a', time: '2017-11-06T21:01:39.354Z'
System info: host: 'BTNISDL1PTPSF2', ip: '10.11.11.160', os.name: 'Windows 10', os.arch: 'amd64', os.version: '10.0', java.version: '1.8.0_172'
Driver info: org.openqa.selenium.chrome.ChromeDriver
Capabilities {acceptInsecureCerts: false, acceptSslCerts: false, applicationCacheEnabled: false, browserConnectionEnabled: false, browserName: chrome, chrome: {chromedriverVersion: 2.40.565498 (ea082db3280dd6..., userDataDir: C:\Users\SRUTHI~1.KUN\AppDa...}, cssSelectorsEnabled: true, databaseEnabled: false, handlesAlerts: true, hasTouchScreen: false, javascriptEnabled: true, locationContextEnabled: true, mobileEmulationEnabled: false, nativeEvents: true, networkConnectionEnabled: false, pageLoadStrategy: normal, platform: XP, platformName: XP, rotatable: false, setWindowRect: true, takesHeapSnapshot: true, takesScreenshot: true, unexpectedAlertBehaviour: , unhandledPromptBehavior: , version: 67.0.3396.99, webStorageEnabled: true}
Session ID: c3960f1888c2f927e2ae2fc0b36eec18&#13;
	at sun.reflect.NativeConstructorAccessorImpl.newInstance0(Native Method)&#13;
	at sun.reflect.NativeConstructorAccessorImpl.newInstance(NativeConstructorAccessorImpl.java:62)&#13;
	at sun.reflect.DelegatingConstructorAccessorImpl.newInstance(DelegatingConstructorAccessorImpl.java:45)&#13;
	at java.lang.reflect.Constructor.newInstance(Constructor.java:423)&#13;
	at org.openqa.selenium.remote.ErrorHandler.createThrowable(ErrorHandler.java:214)&#13;
	at org.openqa.selenium.remote.ErrorHandler.throwIfResponseFailed(ErrorHandler.java:166)&#13;
	at org.openqa.selenium.remote.http.JsonHttpResponseCodec.reconstructValue(JsonHttpResponseCodec.java:40)&#13;
	at org.openqa.selenium.remote.http.AbstractHttpResponseCodec.decode(AbstractHttpResponseCodec.java:80)&#13;
	at org.openqa.selenium.remote.http.AbstractHttpResponseCodec.decode(AbstractHttpResponseCodec.java:44)&#13;
	at org.openqa.selenium.remote.HttpCommandExecutor.execute(HttpCommandExecutor.java:164)&#13;
	at org.openqa.selenium.remote.service.DriverCommandExecutor.execute(DriverCommandExecutor.java:83)&#13;
	at org.openqa.selenium.remote.RemoteWebDriver.execute(RemoteWebDriver.java:600)&#13;
	at org.openqa.selenium.remote.RemoteWebElement.execute(RemoteWebElement.java:279)&#13;
	at org.openqa.selenium.remote.RemoteWebElement.click(RemoteWebElement.java:83)&#13;
	at org.openqa.selenium.support.ui.Select.setSelected(Select.java:324)&#13;
	at org.openqa.selenium.support.ui.Select.selectByVisibleText(Select.java:120)&#13;
	at com.pages.CourseAvailableOnlinePage.selectOutcomeOption(CourseAvailableOnlinePage.java:21)&#13;
	at com.StepDefination.CourseAvalableOnlineStepDef.i_select_Outcome_in_the_dropdown(CourseAvalableOnlineStepDef.java:28)&#13;
	at âœ½.And I select Outcome in the dropdown(CourseAvailableOnline.feature:5)&#13;
&#13;
</error>
            <testcase name="Given I am in Contentful home page(| International Year One in Business | aCI3A000000CafBWAS | //div[@class='ReferenceCard__title'][text" classname=")='International Year One in Business - September Start - 3 Terms - NUL - 2018/19'] | 01t3A000007GaxsQAC |" time="0.888"/>
            <testcase name="And I select Outcome in the dropdown(| International Year One in Business | aCI3A000000CafBWAS | //div[@class='ReferenceCard__title'][text" classname=")='International Year One in Business - September Start - 3 Terms - NUL - 2018/19'] | 01t3A000007GaxsQAC |" time="0.0">
              <error>org.openqa.selenium.ElementNotVisibleException: element not visible: Element is not currently visible and may not be manipulated
  (Session info: chrome=67.0.3396.99)
  (Driver info: chromedriver=2.40.565498 (ea082db3280dd6843ebfb08a625e3eb905c4f5ab),platform=Windows NT 10.0.17134 x86_64) (WARNING: The server did not provide any stacktrace information)
Command duration or timeout: 0 milliseconds
Build info: version: '3.7.1', revision: '8a0099a', time: '2017-11-06T21:01:39.354Z'
System info: host: 'BTNISDL1PTPSF2', ip: '10.11.11.160', os.name: 'Windows 10', os.arch: 'amd64', os.version: '10.0', java.version: '1.8.0_172'
Driver info: org.openqa.selenium.chrome.ChromeDriver
Capabilities {acceptInsecureCerts: false, acceptSslCerts: false, applicationCacheEnabled: false, browserConnectionEnabled: false, browserName: chrome, chrome: {chromedriverVersion: 2.40.565498 (ea082db3280dd6..., userDataDir: C:\Users\SRUTHI~1.KUN\AppDa...}, cssSelectorsEnabled: true, databaseEnabled: false, handlesAlerts: true, hasTouchScreen: false, javascriptEnabled: true, locationContextEnabled: true, mobileEmulationEnabled: false, nativeEvents: true, networkConnectionEnabled: false, pageLoadStrategy: normal, platform: XP, platformName: XP, rotatable: false, setWindowRect: true, takesHeapSnapshot: true, takesScreenshot: true, unexpectedAlertBehaviour: , unhandledPromptBehavior: , version: 67.0.3396.99, webStorageEnabled: true}
Session ID: c3960f1888c2f927e2ae2fc0b36eec18&#13;
	at sun.reflect.NativeConstructorAccessorImpl.newInstance0(Native Method)&#13;
	at sun.reflect.NativeConstructorAccessorImpl.newInstance(NativeConstructorAccessorImpl.java:62)&#13;
	at sun.reflect.DelegatingConstructorAccessorImpl.newInstance(DelegatingConstructorAccessorImpl.java:45)&#13;
	at java.lang.reflect.Constructor.newInstance(Constructor.java:423)&#13;
	at org.openqa.selenium.remote.ErrorHandler.createThrowable(ErrorHandler.java:214)&#13;
	at org.openqa.selenium.remote.ErrorHandler.throwIfResponseFailed(ErrorHandler.java:166)&#13;
	at org.openqa.selenium.remote.http.JsonHttpResponseCodec.reconstructValue(JsonHttpResponseCodec.java:40)&#13;
	at org.openqa.selenium.remote.http.AbstractHttpResponseCodec.decode(AbstractHttpResponseCodec.java:80)&#13;
	at org.openqa.selenium.remote.http.AbstractHttpResponseCodec.decode(AbstractHttpResponseCodec.java:44)&#13;
	at org.openqa.selenium.remote.HttpCommandExecutor.execute(HttpCommandExecutor.java:164)&#13;
	at org.openqa.selenium.remote.service.DriverCommandExecutor.execute(DriverCommandExecutor.java:83)&#13;
	at org.openqa.selenium.remote.RemoteWebDriver.execute(RemoteWebDriver.java:600)&#13;
	at org.openqa.selenium.remote.RemoteWebElement.execute(RemoteWebElement.java:279)&#13;
	at org.openqa.selenium.remote.RemoteWebElement.click(RemoteWebElement.java:83)&#13;
	at org.openqa.selenium.support.ui.Select.setSelected(Select.java:324)&#13;
	at org.openqa.selenium.support.ui.Select.selectByVisibleText(Select.java:120)&#13;
	at com.pages.CourseAvailableOnlinePage.selectOutcomeOption(CourseAvailableOnlinePage.java:21)&#13;
	at com.StepDefination.CourseAvalableOnlineStepDef.i_select_Outcome_in_the_dropdown(CourseAvalableOnlineStepDef.java:28)&#13;
	at âœ½.And I select Outcome in the dropdown(CourseAvailableOnline.feature:5)&#13;
&#13;
</error>
            </testcase>
            <testcase name="And I select scheduledcourse in the outcome(| International Year One in Business | aCI3A000000CafBWAS | //div[@class='ReferenceCard__title'][text" classname=")='International Year One in Business - September Start - 3 Terms - NUL - 2018/19'] | 01t3A000007GaxsQAC |" time="0.002" ignored="true"/>
            <testcase name="And I enter &quot;International Year One in Business&quot; in search area(| International Year One in Business | aCI3A000000CafBWAS | //div[@class='ReferenceCard__title'][text" classname=")='International Year One in Business - September Start - 3 Terms - NUL - 2018/19'] | 01t3A000007GaxsQAC |" time="0.0" ignored="true"/>
            <testcase name="And I click on search button(| International Year One in Business | aCI3A000000CafBWAS | //div[@class='ReferenceCard__title'][text" classname=")='International Year One in Business - September Start - 3 Terms - NUL - 2018/19'] | 01t3A000007GaxsQAC |" time="0.0" ignored="true"/>
            <testcase name="And I select &quot;aCI3A000000CafBWAS&quot;in search results(| International Year One in Business | aCI3A000000CafBWAS | //div[@class='ReferenceCard__title'][text" classname=")='International Year One in Business - September Start - 3 Terms - NUL - 2018/19'] | 01t3A000007GaxsQAC |" time="0.001" ignored="true"/>
            <testcase name="And I click on that selected &quot;//div[@class='ReferenceCard__title'][text()='International Year One in Business - September Start - 3 Terms - NUL - 2018/19']&quot;from search results(| International Year One in Business | aCI3A000000CafBWAS | //div[@class='ReferenceCard__title'][text" classname=")='International Year One in Business - September Start - 3 Terms - NUL - 2018/19'] | 01t3A000007GaxsQAC |" time="0.001" ignored="true"/>
            <testcase name="When I am navigating to salesforce(| International Year One in Business | aCI3A000000CafBWAS | //div[@class='ReferenceCard__title'][text" classname=")='International Year One in Business - September Start - 3 Terms - NUL - 2018/19'] | 01t3A000007GaxsQAC |" time="0.0" ignored="true"/>
            <testcase name="And I am searching for scheduled course with &quot;01t3A000007GaxsQAC&quot;(| International Year One in Business | aCI3A000000CafBWAS | //div[@class='ReferenceCard__title'][text" classname=")='International Year One in Business - September Start - 3 Terms - NUL - 2018/19'] | 01t3A000007GaxsQAC |" time="0.001" ignored="true"/>
            <testcase name="And I scroll the page to see Available online option(| International Year One in Business | aCI3A000000CafBWAS | //div[@class='ReferenceCard__title'][text" classname=")='International Year One in Business - September Start - 3 Terms - NUL - 2018/19'] | 01t3A000007GaxsQAC |" time="0.001" ignored="true"/>
            <testcase name="And I am double click on Available online option(| International Year One in Business | aCI3A000000CafBWAS | //div[@class='ReferenceCard__title'][text" classname=")='International Year One in Business - September Start - 3 Terms - NUL - 2018/19'] | 01t3A000007GaxsQAC |" time="0.001" ignored="true"/>
            <testcase name="And I click on save button(| International Year One in Business | aCI3A000000CafBWAS | //div[@class='ReferenceCard__title'][text" classname=")='International Year One in Business - September Start - 3 Terms - NUL - 2018/19'] | 01t3A000007GaxsQAC |" time="0.0" ignored="true"/>
            <testcase name="Then I should see available online option unticked(| International Year One in Business | aCI3A000000CafBWAS | //div[@class='ReferenceCard__title'][text" classname=")='International Year One in Business - September Start - 3 Terms - NUL - 2018/19'] | 01t3A000007GaxsQAC |" time="0.043" ignored="true"/>
          </testsuite>
        </testsuite>
      </testsuite>
    </testsuite>
  </testsuite>
</testrun>
