<?xml version="1.0" encoding="UTF-8"?><testrun name="CucucmberRunner" project="ScenariosToAutomate" tests="51" started="51" failures="0" errors="6" ignored="10">
  <testsuite name="com.CucumberRunner.CucucmberRunner" time="770.112">
    <testsuite name="Feature: New Outcome Creation In Sales force" time="770.112">
      <testsuite name="Scenario Outline:" time="770.112">
        <testsuite name="Examples:" time="770.112">
          <testsuite name="| sruthi.kundoor@intoglobal.com.iupsfuat | Into1234 | INTO City, University of London | outcome1-Sruthitest | Academic English | INTO City University, London (Parent) |" time="107.339" incomplete="true">
            <error>java.lang.NullPointerException&#13;
	at com.pages.NewOutcomeCreationPage.clickOnSaveBrandOutcomeButton(NewOutcomeCreationPage.java:96)&#13;
	at com.pages.NewOutcomeCreationPage.assertion(NewOutcomeCreationPage.java:136)&#13;
	at com.StepDefination.NewOutcomeCreationStepDef.i_should_see_newbrandoutcome_creation(NewOutcomeCreationStepDef.java:149)&#13;
	at ✽.And I should see newbrandoutcome creation(NewOutcomeCreation.feature:20)&#13;
&#13;
</error>
            <testcase name="Given I am in sales force homepage(| sruthi.kundoor@intoglobal.com.iupsfuat | Into1234 | INTO City, University of London | outcome1-Sruthitest | Academic English | INTO City University, London " classname="Parent) |" time="1.127"/>
            <testcase name="When I should see salesforce homepage(| sruthi.kundoor@intoglobal.com.iupsfuat | Into1234 | INTO City, University of London | outcome1-Sruthitest | Academic English | INTO City University, London " classname="Parent) |" time="2.009"/>
            <testcase name="And I select outcomes field from the tabs(| sruthi.kundoor@intoglobal.com.iupsfuat | Into1234 | INTO City, University of London | outcome1-Sruthitest | Academic English | INTO City University, London " classname="Parent) |" time="1.139"/>
            <testcase name="And I click on new button(| sruthi.kundoor@intoglobal.com.iupsfuat | Into1234 | INTO City, University of London | outcome1-Sruthitest | Academic English | INTO City University, London " classname="Parent) |" time="0.405"/>
            <testcase name="And I select &quot;INTO City, University of London&quot; in the information(| sruthi.kundoor@intoglobal.com.iupsfuat | Into1234 | INTO City, University of London | outcome1-Sruthitest | Academic English | INTO City University, London " classname="Parent) |" time="0.132"/>
            <testcase name="And I enter &quot;outcome1-Sruthitest&quot;(| sruthi.kundoor@intoglobal.com.iupsfuat | Into1234 | INTO City, University of London | outcome1-Sruthitest | Academic English | INTO City University, London " classname="Parent) |" time="3.551"/>
            <testcase name="And I click on Save button(| sruthi.kundoor@intoglobal.com.iupsfuat | Into1234 | INTO City, University of London | outcome1-Sruthitest | Academic English | INTO City University, London " classname="Parent) |" time="0.098"/>
            <testcase name="And I click on Add button in master courses(| sruthi.kundoor@intoglobal.com.iupsfuat | Into1234 | INTO City, University of London | outcome1-Sruthitest | Academic English | INTO City University, London " classname="Parent) |" time="2.246"/>
            <testcase name="And I enter the &quot;Academic English&quot; name(| sruthi.kundoor@intoglobal.com.iupsfuat | Into1234 | INTO City, University of London | outcome1-Sruthitest | Academic English | INTO City University, London " classname="Parent) |" time="0.173"/>
            <testcase name="And I click on Find button in master course(| sruthi.kundoor@intoglobal.com.iupsfuat | Into1234 | INTO City, University of London | outcome1-Sruthitest | Academic English | INTO City University, London " classname="Parent) |" time="2.416"/>
            <testcase name="And I select course of that particular university(| sruthi.kundoor@intoglobal.com.iupsfuat | Into1234 | INTO City, University of London | outcome1-Sruthitest | Academic English | INTO City University, London " classname="Parent) |" time="2.133"/>
            <testcase name="And I click on add selected button(| sruthi.kundoor@intoglobal.com.iupsfuat | Into1234 | INTO City, University of London | outcome1-Sruthitest | Academic English | INTO City University, London " classname="Parent) |" time="0.883"/>
            <testcase name="And I click on New Brand Outcome button(| sruthi.kundoor@intoglobal.com.iupsfuat | Into1234 | INTO City, University of London | outcome1-Sruthitest | Academic English | INTO City University, London " classname="Parent) |" time="0.279"/>
            <testcase name="And I select &quot;INTO City University, London (Parent)&quot; from parent record(| sruthi.kundoor@intoglobal.com.iupsfuat | Into1234 | INTO City, University of London | outcome1-Sruthitest | Academic English | INTO City University, London " classname="Parent) |" time="0.859"/>
            <testcase name="And I click on Save brand outcome button(| sruthi.kundoor@intoglobal.com.iupsfuat | Into1234 | INTO City, University of London | outcome1-Sruthitest | Academic English | INTO City University, London " classname="Parent) |" time="3.379"/>
            <testcase name="Then I should take a screenshot of Newoutcome(| sruthi.kundoor@intoglobal.com.iupsfuat | Into1234 | INTO City, University of London | outcome1-Sruthitest | Academic English | INTO City University, London " classname="Parent) |" time="86.507"/>
            <testcase name="And I should see newbrandoutcome creation(| sruthi.kundoor@intoglobal.com.iupsfuat | Into1234 | INTO City, University of London | outcome1-Sruthitest | Academic English | INTO City University, London " classname="Parent) |" time="0.003">
              <error>java.lang.NullPointerException&#13;
	at com.pages.NewOutcomeCreationPage.clickOnSaveBrandOutcomeButton(NewOutcomeCreationPage.java:96)&#13;
	at com.pages.NewOutcomeCreationPage.assertion(NewOutcomeCreationPage.java:136)&#13;
	at com.StepDefination.NewOutcomeCreationStepDef.i_should_see_newbrandoutcome_creation(NewOutcomeCreationStepDef.java:149)&#13;
	at ✽.And I should see newbrandoutcome creation(NewOutcomeCreation.feature:20)&#13;
&#13;
</error>
            </testcase>
          </testsuite>
          <testsuite name="| sruthi.kundoor@intoglobal.com.iupsfuat | Into1234 | INTO Manchester | outcome2-Sruthitest | Business | INTO Manchester (Parent) |" time="7.933" incomplete="true">
            <error>org.openqa.selenium.NoSuchWindowException: no such window: target window already closed
from unknown error: web view not found
  (Session info: chrome=67.0.3396.99)
  (Driver info: chromedriver=2.40.565498 (ea082db3280dd6843ebfb08a625e3eb905c4f5ab),platform=Windows NT 10.0.17134 x86_64) (WARNING: The server did not provide any stacktrace information)
Command duration or timeout: 0 milliseconds
Build info: version: '3.7.1', revision: '8a0099a', time: '2017-11-06T21:01:39.354Z'
System info: host: 'BTNISDL1PTPSF2', ip: '10.11.11.160', os.name: 'Windows 10', os.arch: 'amd64', os.version: '10.0', java.version: '1.8.0_172'
Driver info: org.openqa.selenium.chrome.ChromeDriver
Capabilities {acceptInsecureCerts: false, acceptSslCerts: false, applicationCacheEnabled: false, browserConnectionEnabled: false, browserName: chrome, chrome: {chromedriverVersion: 2.40.565498 (ea082db3280dd6..., userDataDir: C:\Users\SRUTHI~1.KUN\AppDa...}, cssSelectorsEnabled: true, databaseEnabled: false, handlesAlerts: true, hasTouchScreen: false, javascriptEnabled: true, locationContextEnabled: true, mobileEmulationEnabled: false, nativeEvents: true, networkConnectionEnabled: false, pageLoadStrategy: normal, platform: XP, platformName: XP, rotatable: false, setWindowRect: true, takesHeapSnapshot: true, takesScreenshot: true, unexpectedAlertBehaviour: , unhandledPromptBehavior: , version: 67.0.3396.99, webStorageEnabled: true}
Session ID: 8b70684b8e2934e19c4ef0160d635d7a
*** Element info: {Using=name, value=save}&#13;
	at sun.reflect.NativeConstructorAccessorImpl.newInstance0(Native Method)&#13;
	at sun.reflect.NativeConstructorAccessorImpl.newInstance(NativeConstructorAccessorImpl.java:62)&#13;
	at sun.reflect.DelegatingConstructorAccessorImpl.newInstance(DelegatingConstructorAccessorImpl.java:45)&#13;
	at java.lang.reflect.Constructor.newInstance(Constructor.java:423)&#13;
	at org.openqa.selenium.remote.ErrorHandler.createThrowable(ErrorHandler.java:214)&#13;
	at org.openqa.selenium.remote.ErrorHandler.throwIfResponseFailed(ErrorHandler.java:166)&#13;
	at org.openqa.selenium.remote.http.JsonHttpResponseCodec.reconstructValue(JsonHttpResponseCodec.java:40)&#13;
	at org.openqa.selenium.remote.http.AbstractHttpResponseCodec.decode(AbstractHttpResponseCodec.java:80)&#13;
	at org.openqa.selenium.remote.http.AbstractHttpResponseCodec.decode(AbstractHttpResponseCodec.java:44)&#13;
	at org.openqa.selenium.remote.HttpCommandExecutor.execute(HttpCommandExecutor.java:164)&#13;
	at org.openqa.selenium.remote.service.DriverCommandExecutor.execute(DriverCommandExecutor.java:83)&#13;
	at org.openqa.selenium.remote.RemoteWebDriver.execute(RemoteWebDriver.java:600)&#13;
	at org.openqa.selenium.remote.RemoteWebDriver.findElement(RemoteWebDriver.java:370)&#13;
	at org.openqa.selenium.remote.RemoteWebDriver.findElementByName(RemoteWebDriver.java:448)&#13;
	at org.openqa.selenium.By$ByName.findElement(By.java:303)&#13;
	at org.openqa.selenium.remote.RemoteWebDriver.findElement(RemoteWebDriver.java:362)&#13;
	at com.pages.NewOutcomeCreationPage.clickSaveButton(NewOutcomeCreationPage.java:48)&#13;
	at com.StepDefination.NewOutcomeCreationStepDef.i_click_on_Save_button(NewOutcomeCreationStepDef.java:56)&#13;
	at ✽.And I click on Save button(NewOutcomeCreation.feature:10)&#13;
&#13;
</error>
            <testcase name="Given I am in sales force homepage(| sruthi.kundoor@intoglobal.com.iupsfuat | Into1234 | INTO Manchester | outcome2-Sruthitest | Business | INTO Manchester " classname="Parent) |" time="2.036"/>
            <testcase name="When I should see salesforce homepage(| sruthi.kundoor@intoglobal.com.iupsfuat | Into1234 | INTO Manchester | outcome2-Sruthitest | Business | INTO Manchester " classname="Parent) |" time="3.373"/>
            <testcase name="And I select outcomes field from the tabs(| sruthi.kundoor@intoglobal.com.iupsfuat | Into1234 | INTO Manchester | outcome2-Sruthitest | Business | INTO Manchester " classname="Parent) |" time="1.551"/>
            <testcase name="And I click on new button(| sruthi.kundoor@intoglobal.com.iupsfuat | Into1234 | INTO Manchester | outcome2-Sruthitest | Business | INTO Manchester " classname="Parent) |" time="0.669"/>
            <testcase name="And I select &quot;INTO Manchester&quot; in the information(| sruthi.kundoor@intoglobal.com.iupsfuat | Into1234 | INTO Manchester | outcome2-Sruthitest | Business | INTO Manchester " classname="Parent) |" time="0.242"/>
            <testcase name="And I enter &quot;outcome2-Sruthitest&quot;(| sruthi.kundoor@intoglobal.com.iupsfuat | Into1234 | INTO Manchester | outcome2-Sruthitest | Business | INTO Manchester " classname="Parent) |" time="0.061"/>
            <testcase name="And I click on Save button(| sruthi.kundoor@intoglobal.com.iupsfuat | Into1234 | INTO Manchester | outcome2-Sruthitest | Business | INTO Manchester " classname="Parent) |" time="0.001">
              <error>org.openqa.selenium.NoSuchWindowException: no such window: target window already closed
from unknown error: web view not found
  (Session info: chrome=67.0.3396.99)
  (Driver info: chromedriver=2.40.565498 (ea082db3280dd6843ebfb08a625e3eb905c4f5ab),platform=Windows NT 10.0.17134 x86_64) (WARNING: The server did not provide any stacktrace information)
Command duration or timeout: 0 milliseconds
Build info: version: '3.7.1', revision: '8a0099a', time: '2017-11-06T21:01:39.354Z'
System info: host: 'BTNISDL1PTPSF2', ip: '10.11.11.160', os.name: 'Windows 10', os.arch: 'amd64', os.version: '10.0', java.version: '1.8.0_172'
Driver info: org.openqa.selenium.chrome.ChromeDriver
Capabilities {acceptInsecureCerts: false, acceptSslCerts: false, applicationCacheEnabled: false, browserConnectionEnabled: false, browserName: chrome, chrome: {chromedriverVersion: 2.40.565498 (ea082db3280dd6..., userDataDir: C:\Users\SRUTHI~1.KUN\AppDa...}, cssSelectorsEnabled: true, databaseEnabled: false, handlesAlerts: true, hasTouchScreen: false, javascriptEnabled: true, locationContextEnabled: true, mobileEmulationEnabled: false, nativeEvents: true, networkConnectionEnabled: false, pageLoadStrategy: normal, platform: XP, platformName: XP, rotatable: false, setWindowRect: true, takesHeapSnapshot: true, takesScreenshot: true, unexpectedAlertBehaviour: , unhandledPromptBehavior: , version: 67.0.3396.99, webStorageEnabled: true}
Session ID: 8b70684b8e2934e19c4ef0160d635d7a
*** Element info: {Using=name, value=save}&#13;
	at sun.reflect.NativeConstructorAccessorImpl.newInstance0(Native Method)&#13;
	at sun.reflect.NativeConstructorAccessorImpl.newInstance(NativeConstructorAccessorImpl.java:62)&#13;
	at sun.reflect.DelegatingConstructorAccessorImpl.newInstance(DelegatingConstructorAccessorImpl.java:45)&#13;
	at java.lang.reflect.Constructor.newInstance(Constructor.java:423)&#13;
	at org.openqa.selenium.remote.ErrorHandler.createThrowable(ErrorHandler.java:214)&#13;
	at org.openqa.selenium.remote.ErrorHandler.throwIfResponseFailed(ErrorHandler.java:166)&#13;
	at org.openqa.selenium.remote.http.JsonHttpResponseCodec.reconstructValue(JsonHttpResponseCodec.java:40)&#13;
	at org.openqa.selenium.remote.http.AbstractHttpResponseCodec.decode(AbstractHttpResponseCodec.java:80)&#13;
	at org.openqa.selenium.remote.http.AbstractHttpResponseCodec.decode(AbstractHttpResponseCodec.java:44)&#13;
	at org.openqa.selenium.remote.HttpCommandExecutor.execute(HttpCommandExecutor.java:164)&#13;
	at org.openqa.selenium.remote.service.DriverCommandExecutor.execute(DriverCommandExecutor.java:83)&#13;
	at org.openqa.selenium.remote.RemoteWebDriver.execute(RemoteWebDriver.java:600)&#13;
	at org.openqa.selenium.remote.RemoteWebDriver.findElement(RemoteWebDriver.java:370)&#13;
	at org.openqa.selenium.remote.RemoteWebDriver.findElementByName(RemoteWebDriver.java:448)&#13;
	at org.openqa.selenium.By$ByName.findElement(By.java:303)&#13;
	at org.openqa.selenium.remote.RemoteWebDriver.findElement(RemoteWebDriver.java:362)&#13;
	at com.pages.NewOutcomeCreationPage.clickSaveButton(NewOutcomeCreationPage.java:48)&#13;
	at com.StepDefination.NewOutcomeCreationStepDef.i_click_on_Save_button(NewOutcomeCreationStepDef.java:56)&#13;
	at ✽.And I click on Save button(NewOutcomeCreation.feature:10)&#13;
&#13;
</error>
            </testcase>
            <testcase name="And I click on Add button in master courses(| sruthi.kundoor@intoglobal.com.iupsfuat | Into1234 | INTO Manchester | outcome2-Sruthitest | Business | INTO Manchester " classname="Parent) |" time="0.001" ignored="true"/>
            <testcase name="And I enter the &quot;Business&quot; name(| sruthi.kundoor@intoglobal.com.iupsfuat | Into1234 | INTO Manchester | outcome2-Sruthitest | Business | INTO Manchester " classname="Parent) |" time="0.0" ignored="true"/>
            <testcase name="And I click on Find button in master course(| sruthi.kundoor@intoglobal.com.iupsfuat | Into1234 | INTO Manchester | outcome2-Sruthitest | Business | INTO Manchester " classname="Parent) |" time="0.001" ignored="true"/>
            <testcase name="And I select course of that particular university(| sruthi.kundoor@intoglobal.com.iupsfuat | Into1234 | INTO Manchester | outcome2-Sruthitest | Business | INTO Manchester " classname="Parent) |" time="0.002" ignored="true"/>
            <testcase name="And I click on add selected button(| sruthi.kundoor@intoglobal.com.iupsfuat | Into1234 | INTO Manchester | outcome2-Sruthitest | Business | INTO Manchester " classname="Parent) |" time="0.003" ignored="true"/>
            <testcase name="And I click on New Brand Outcome button(| sruthi.kundoor@intoglobal.com.iupsfuat | Into1234 | INTO Manchester | outcome2-Sruthitest | Business | INTO Manchester " classname="Parent) |" time="0.001" ignored="true"/>
            <testcase name="And I select &quot;INTO Manchester (Parent)&quot; from parent record(| sruthi.kundoor@intoglobal.com.iupsfuat | Into1234 | INTO Manchester | outcome2-Sruthitest | Business | INTO Manchester " classname="Parent) |" time="0.002" ignored="true"/>
            <testcase name="And I click on Save brand outcome button(| sruthi.kundoor@intoglobal.com.iupsfuat | Into1234 | INTO Manchester | outcome2-Sruthitest | Business | INTO Manchester " classname="Parent) |" time="0.009" ignored="true"/>
            <testcase name="Then I should take a screenshot of Newoutcome(| sruthi.kundoor@intoglobal.com.iupsfuat | Into1234 | INTO Manchester | outcome2-Sruthitest | Business | INTO Manchester " classname="Parent) |" time="0.026" ignored="true"/>
            <testcase name="And I should see newbrandoutcome creation(| sruthi.kundoor@intoglobal.com.iupsfuat | Into1234 | INTO Manchester | outcome2-Sruthitest | Business | INTO Manchester " classname="Parent) |" time="1.577" ignored="true"/>
          </testsuite>
          <testsuite name="| sruthi.kundoor@intoglobal.com.iupsfuat | Into1234 | INTO University of Stirling | outcome3-Sruthitest | social | INTO University of Stirling (Parent) |" time="630.935" incomplete="true">
            <error>java.lang.NullPointerException&#13;
	at com.pages.NewOutcomeCreationPage.clickOnSaveBrandOutcomeButton(NewOutcomeCreationPage.java:96)&#13;
	at com.pages.NewOutcomeCreationPage.assertion(NewOutcomeCreationPage.java:136)&#13;
	at com.StepDefination.NewOutcomeCreationStepDef.i_should_see_newbrandoutcome_creation(NewOutcomeCreationStepDef.java:149)&#13;
	at ✽.And I should see newbrandoutcome creation(NewOutcomeCreation.feature:20)&#13;
&#13;
</error>
            <testcase name="Given I am in sales force homepage(| sruthi.kundoor@intoglobal.com.iupsfuat | Into1234 | INTO University of Stirling | outcome3-Sruthitest | social | INTO University of Stirling " classname="Parent) |" time="1.414"/>
            <testcase name="When I should see salesforce homepage(| sruthi.kundoor@intoglobal.com.iupsfuat | Into1234 | INTO University of Stirling | outcome3-Sruthitest | social | INTO University of Stirling " classname="Parent) |" time="2.664"/>
            <testcase name="And I select outcomes field from the tabs(| sruthi.kundoor@intoglobal.com.iupsfuat | Into1234 | INTO University of Stirling | outcome3-Sruthitest | social | INTO University of Stirling " classname="Parent) |" time="0.844"/>
            <testcase name="And I click on new button(| sruthi.kundoor@intoglobal.com.iupsfuat | Into1234 | INTO University of Stirling | outcome3-Sruthitest | social | INTO University of Stirling " classname="Parent) |" time="0.446"/>
            <testcase name="And I select &quot;INTO University of Stirling&quot; in the information(| sruthi.kundoor@intoglobal.com.iupsfuat | Into1234 | INTO University of Stirling | outcome3-Sruthitest | social | INTO University of Stirling " classname="Parent) |" time="0.11"/>
            <testcase name="And I enter &quot;outcome3-Sruthitest&quot;(| sruthi.kundoor@intoglobal.com.iupsfuat | Into1234 | INTO University of Stirling | outcome3-Sruthitest | social | INTO University of Stirling " classname="Parent) |" time="2.495"/>
            <testcase name="And I click on Save button(| sruthi.kundoor@intoglobal.com.iupsfuat | Into1234 | INTO University of Stirling | outcome3-Sruthitest | social | INTO University of Stirling " classname="Parent) |" time="0.177"/>
            <testcase name="And I click on Add button in master courses(| sruthi.kundoor@intoglobal.com.iupsfuat | Into1234 | INTO University of Stirling | outcome3-Sruthitest | social | INTO University of Stirling " classname="Parent) |" time="2.34"/>
            <testcase name="And I enter the &quot;social&quot; name(| sruthi.kundoor@intoglobal.com.iupsfuat | Into1234 | INTO University of Stirling | outcome3-Sruthitest | social | INTO University of Stirling " classname="Parent) |" time="0.156"/>
            <testcase name="And I click on Find button in master course(| sruthi.kundoor@intoglobal.com.iupsfuat | Into1234 | INTO University of Stirling | outcome3-Sruthitest | social | INTO University of Stirling " classname="Parent) |" time="2.626"/>
            <testcase name="And I select course of that particular university(| sruthi.kundoor@intoglobal.com.iupsfuat | Into1234 | INTO University of Stirling | outcome3-Sruthitest | social | INTO University of Stirling " classname="Parent) |" time="2.181"/>
            <testcase name="And I click on add selected button(| sruthi.kundoor@intoglobal.com.iupsfuat | Into1234 | INTO University of Stirling | outcome3-Sruthitest | social | INTO University of Stirling " classname="Parent) |" time="0.823"/>
            <testcase name="And I click on New Brand Outcome button(| sruthi.kundoor@intoglobal.com.iupsfuat | Into1234 | INTO University of Stirling | outcome3-Sruthitest | social | INTO University of Stirling " classname="Parent) |" time="0.265"/>
            <testcase name="And I select &quot;INTO University of Stirling (Parent)&quot; from parent record(| sruthi.kundoor@intoglobal.com.iupsfuat | Into1234 | INTO University of Stirling | outcome3-Sruthitest | social | INTO University of Stirling " classname="Parent) |" time="0.916"/>
            <testcase name="And I click on Save brand outcome button(| sruthi.kundoor@intoglobal.com.iupsfuat | Into1234 | INTO University of Stirling | outcome3-Sruthitest | social | INTO University of Stirling " classname="Parent) |" time="3.432"/>
            <testcase name="Then I should take a screenshot of Newoutcome(| sruthi.kundoor@intoglobal.com.iupsfuat | Into1234 | INTO University of Stirling | outcome3-Sruthitest | social | INTO University of Stirling " classname="Parent) |" time="610.046"/>
            <testcase name="And I should see newbrandoutcome creation(| sruthi.kundoor@intoglobal.com.iupsfuat | Into1234 | INTO University of Stirling | outcome3-Sruthitest | social | INTO University of Stirling " classname="Parent) |" time="0.0">
              <error>java.lang.NullPointerException&#13;
	at com.pages.NewOutcomeCreationPage.clickOnSaveBrandOutcomeButton(NewOutcomeCreationPage.java:96)&#13;
	at com.pages.NewOutcomeCreationPage.assertion(NewOutcomeCreationPage.java:136)&#13;
	at com.StepDefination.NewOutcomeCreationStepDef.i_should_see_newbrandoutcome_creation(NewOutcomeCreationStepDef.java:149)&#13;
	at ✽.And I should see newbrandoutcome creation(NewOutcomeCreation.feature:20)&#13;
&#13;
</error>
            </testcase>
          </testsuite>
        </testsuite>
      </testsuite>
    </testsuite>
  </testsuite>
</testrun>
