<?xml version="1.0" encoding="UTF-8"?><testrun name="CucucmberRunner" project="ScenariosToAutomate" tests="48" started="48" failures="0" errors="2" ignored="3">
  <testsuite name="com.CucumberRunner.CucucmberRunner" time="80.588">
    <testsuite name="Feature: New Outcome Creation In Sales force" time="80.588">
      <testsuite name="Scenario Outline:" time="80.588">
        <testsuite name="Examples:" time="80.588">
          <testsuite name="| sruthi.kundoor@intoglobal.com.iupsfuat | Into1234 | INTO City, University of London | outcome1-Sruthitest | Academic English | INTO City University, London (Parent) |" time="22.988">
            <testcase name="Given I am in sales force homepage(| sruthi.kundoor@intoglobal.com.iupsfuat | Into1234 | INTO City, University of London | outcome1-Sruthitest | Academic English | INTO City University, London " classname="Parent) |" time="1.324"/>
            <testcase name="When I should see salesforce homepage(| sruthi.kundoor@intoglobal.com.iupsfuat | Into1234 | INTO City, University of London | outcome1-Sruthitest | Academic English | INTO City University, London " classname="Parent) |" time="2.047"/>
            <testcase name="And I select outcomes field from the tabs(| sruthi.kundoor@intoglobal.com.iupsfuat | Into1234 | INTO City, University of London | outcome1-Sruthitest | Academic English | INTO City University, London " classname="Parent) |" time="0.75"/>
            <testcase name="And I click on new button(| sruthi.kundoor@intoglobal.com.iupsfuat | Into1234 | INTO City, University of London | outcome1-Sruthitest | Academic English | INTO City University, London " classname="Parent) |" time="0.437"/>
            <testcase name="And I select &quot;INTO City, University of London&quot; in the information(| sruthi.kundoor@intoglobal.com.iupsfuat | Into1234 | INTO City, University of London | outcome1-Sruthitest | Academic English | INTO City University, London " classname="Parent) |" time="0.123"/>
            <testcase name="And I enter &quot;outcome1-Sruthitest&quot;(| sruthi.kundoor@intoglobal.com.iupsfuat | Into1234 | INTO City, University of London | outcome1-Sruthitest | Academic English | INTO City University, London " classname="Parent) |" time="2.573"/>
            <testcase name="And I click on Save button(| sruthi.kundoor@intoglobal.com.iupsfuat | Into1234 | INTO City, University of London | outcome1-Sruthitest | Academic English | INTO City University, London " classname="Parent) |" time="0.123"/>
            <testcase name="And I click on Add button in master courses(| sruthi.kundoor@intoglobal.com.iupsfuat | Into1234 | INTO City, University of London | outcome1-Sruthitest | Academic English | INTO City University, London " classname="Parent) |" time="2.211"/>
            <testcase name="And I enter the &quot;Academic English&quot; name(| sruthi.kundoor@intoglobal.com.iupsfuat | Into1234 | INTO City, University of London | outcome1-Sruthitest | Academic English | INTO City University, London " classname="Parent) |" time="0.186"/>
            <testcase name="And I click on Find button in master course(| sruthi.kundoor@intoglobal.com.iupsfuat | Into1234 | INTO City, University of London | outcome1-Sruthitest | Academic English | INTO City University, London " classname="Parent) |" time="2.896"/>
            <testcase name="And I select course of that particular university(| sruthi.kundoor@intoglobal.com.iupsfuat | Into1234 | INTO City, University of London | outcome1-Sruthitest | Academic English | INTO City University, London " classname="Parent) |" time="2.133"/>
            <testcase name="And I click on add selected button(| sruthi.kundoor@intoglobal.com.iupsfuat | Into1234 | INTO City, University of London | outcome1-Sruthitest | Academic English | INTO City University, London " classname="Parent) |" time="0.868"/>
            <testcase name="And I click on New Brand Outcome button(| sruthi.kundoor@intoglobal.com.iupsfuat | Into1234 | INTO City, University of London | outcome1-Sruthitest | Academic English | INTO City University, London " classname="Parent) |" time="0.282"/>
            <testcase name="And I select &quot;INTO City University, London (Parent)&quot; from parent record(| sruthi.kundoor@intoglobal.com.iupsfuat | Into1234 | INTO City, University of London | outcome1-Sruthitest | Academic English | INTO City University, London " classname="Parent) |" time="2.623"/>
            <testcase name="And I click on Save brand outcome button(| sruthi.kundoor@intoglobal.com.iupsfuat | Into1234 | INTO City, University of London | outcome1-Sruthitest | Academic English | INTO City University, London " classname="Parent) |" time="3.411"/>
            <testcase name="Then I should take a screenshot of Newoutcome(| sruthi.kundoor@intoglobal.com.iupsfuat | Into1234 | INTO City, University of London | outcome1-Sruthitest | Academic English | INTO City University, London " classname="Parent) |" time="1.001"/>
          </testsuite>
          <testsuite name="| sruthi.kundoor@intoglobal.com.iupsfuat | Into1234 | INTO Manchester | outcome2-Sruthitest | Business | INTO Manchester (Parent) |" time="16.672" incomplete="true">
            <error>org.openqa.selenium.StaleElementReferenceException: stale element reference: element is not attached to the page document
  (Session info: chrome=67.0.3396.99)
  (Driver info: chromedriver=2.40.565498 (ea082db3280dd6843ebfb08a625e3eb905c4f5ab),platform=Windows NT 10.0.17134 x86_64) (WARNING: The server did not provide any stacktrace information)
Command duration or timeout: 0 milliseconds
For documentation on this error, please visit: http://seleniumhq.org/exceptions/stale_element_reference.html
Build info: version: '3.7.1', revision: '8a0099a', time: '2017-11-06T21:01:39.354Z'
System info: host: 'BTNISDL1PTPSF2', ip: '10.11.11.160', os.name: 'Windows 10', os.arch: 'amd64', os.version: '10.0', java.version: '1.8.0_172'
Driver info: org.openqa.selenium.chrome.ChromeDriver
Capabilities {acceptInsecureCerts: false, acceptSslCerts: false, applicationCacheEnabled: false, browserConnectionEnabled: false, browserName: chrome, chrome: {chromedriverVersion: 2.40.565498 (ea082db3280dd6..., userDataDir: C:\Users\SRUTHI~1.KUN\AppDa...}, cssSelectorsEnabled: true, databaseEnabled: false, handlesAlerts: true, hasTouchScreen: false, javascriptEnabled: true, locationContextEnabled: true, mobileEmulationEnabled: false, nativeEvents: true, networkConnectionEnabled: false, pageLoadStrategy: normal, platform: XP, platformName: XP, rotatable: false, setWindowRect: true, takesHeapSnapshot: true, takesScreenshot: true, unexpectedAlertBehaviour: , unhandledPromptBehavior: , version: 67.0.3396.99, webStorageEnabled: true}
Session ID: 337460cb9d5b5a5a17b1ca22e7741b61&#13;
	at sun.reflect.NativeConstructorAccessorImpl.newInstance0(Native Method)&#13;
	at sun.reflect.NativeConstructorAccessorImpl.newInstance(NativeConstructorAccessorImpl.java:62)&#13;
	at sun.reflect.DelegatingConstructorAccessorImpl.newInstance(DelegatingConstructorAccessorImpl.java:45)&#13;
	at java.lang.reflect.Constructor.newInstance(Constructor.java:423)&#13;
	at org.openqa.selenium.remote.ErrorHandler.createThrowable(ErrorHandler.java:214)&#13;
	at org.openqa.selenium.remote.ErrorHandler.throwIfResponseFailed(ErrorHandler.java:166)&#13;
	at org.openqa.selenium.remote.http.JsonHttpResponseCodec.reconstructValue(JsonHttpResponseCodec.java:40)&#13;
	at org.openqa.selenium.remote.http.AbstractHttpResponseCodec.decode(AbstractHttpResponseCodec.java:80)&#13;
	at org.openqa.selenium.remote.http.AbstractHttpResponseCodec.decode(AbstractHttpResponseCodec.java:44)&#13;
	at org.openqa.selenium.remote.HttpCommandExecutor.execute(HttpCommandExecutor.java:164)&#13;
	at org.openqa.selenium.remote.service.DriverCommandExecutor.execute(DriverCommandExecutor.java:83)&#13;
	at org.openqa.selenium.remote.RemoteWebDriver.execute(RemoteWebDriver.java:600)&#13;
	at org.openqa.selenium.remote.RemoteWebElement.execute(RemoteWebElement.java:279)&#13;
	at org.openqa.selenium.remote.RemoteWebElement.click(RemoteWebElement.java:83)&#13;
	at com.pages.NewOutcomeCreationPage.clickOnNewBrandOutcomeButton(NewOutcomeCreationPage.java:85)&#13;
	at com.StepDefination.NewOutcomeCreationStepDef.i_click_on_New_Brand_Outcome_button(NewOutcomeCreationStepDef.java:96)&#13;
	at âœ½.And I click on New Brand Outcome button(NewOutcomeCreation.feature:16)&#13;
&#13;
</error>
            <testcase name="Given I am in sales force homepage(| sruthi.kundoor@intoglobal.com.iupsfuat | Into1234 | INTO Manchester | outcome2-Sruthitest | Business | INTO Manchester " classname="Parent) |" time="0.923"/>
            <testcase name="When I should see salesforce homepage(| sruthi.kundoor@intoglobal.com.iupsfuat | Into1234 | INTO Manchester | outcome2-Sruthitest | Business | INTO Manchester " classname="Parent) |" time="1.987"/>
            <testcase name="And I select outcomes field from the tabs(| sruthi.kundoor@intoglobal.com.iupsfuat | Into1234 | INTO Manchester | outcome2-Sruthitest | Business | INTO Manchester " classname="Parent) |" time="0.742"/>
            <testcase name="And I click on new button(| sruthi.kundoor@intoglobal.com.iupsfuat | Into1234 | INTO Manchester | outcome2-Sruthitest | Business | INTO Manchester " classname="Parent) |" time="0.277"/>
            <testcase name="And I select &quot;INTO Manchester&quot; in the information(| sruthi.kundoor@intoglobal.com.iupsfuat | Into1234 | INTO Manchester | outcome2-Sruthitest | Business | INTO Manchester " classname="Parent) |" time="0.128"/>
            <testcase name="And I enter &quot;outcome2-Sruthitest&quot;(| sruthi.kundoor@intoglobal.com.iupsfuat | Into1234 | INTO Manchester | outcome2-Sruthitest | Business | INTO Manchester " classname="Parent) |" time="2.51"/>
            <testcase name="And I click on Save button(| sruthi.kundoor@intoglobal.com.iupsfuat | Into1234 | INTO Manchester | outcome2-Sruthitest | Business | INTO Manchester " classname="Parent) |" time="0.094"/>
            <testcase name="And I click on Add button in master courses(| sruthi.kundoor@intoglobal.com.iupsfuat | Into1234 | INTO Manchester | outcome2-Sruthitest | Business | INTO Manchester " classname="Parent) |" time="2.206"/>
            <testcase name="And I enter the &quot;Business&quot; name(| sruthi.kundoor@intoglobal.com.iupsfuat | Into1234 | INTO Manchester | outcome2-Sruthitest | Business | INTO Manchester " classname="Parent) |" time="0.12"/>
            <testcase name="And I click on Find button in master course(| sruthi.kundoor@intoglobal.com.iupsfuat | Into1234 | INTO Manchester | outcome2-Sruthitest | Business | INTO Manchester " classname="Parent) |" time="4.13"/>
            <testcase name="And I select course of that particular university(| sruthi.kundoor@intoglobal.com.iupsfuat | Into1234 | INTO Manchester | outcome2-Sruthitest | Business | INTO Manchester " classname="Parent) |" time="2.129"/>
            <testcase name="And I click on add selected button(| sruthi.kundoor@intoglobal.com.iupsfuat | Into1234 | INTO Manchester | outcome2-Sruthitest | Business | INTO Manchester " classname="Parent) |" time="1.42"/>
            <testcase name="And I click on New Brand Outcome button(| sruthi.kundoor@intoglobal.com.iupsfuat | Into1234 | INTO Manchester | outcome2-Sruthitest | Business | INTO Manchester " classname="Parent) |" time="0.006">
              <error>org.openqa.selenium.StaleElementReferenceException: stale element reference: element is not attached to the page document
  (Session info: chrome=67.0.3396.99)
  (Driver info: chromedriver=2.40.565498 (ea082db3280dd6843ebfb08a625e3eb905c4f5ab),platform=Windows NT 10.0.17134 x86_64) (WARNING: The server did not provide any stacktrace information)
Command duration or timeout: 0 milliseconds
For documentation on this error, please visit: http://seleniumhq.org/exceptions/stale_element_reference.html
Build info: version: '3.7.1', revision: '8a0099a', time: '2017-11-06T21:01:39.354Z'
System info: host: 'BTNISDL1PTPSF2', ip: '10.11.11.160', os.name: 'Windows 10', os.arch: 'amd64', os.version: '10.0', java.version: '1.8.0_172'
Driver info: org.openqa.selenium.chrome.ChromeDriver
Capabilities {acceptInsecureCerts: false, acceptSslCerts: false, applicationCacheEnabled: false, browserConnectionEnabled: false, browserName: chrome, chrome: {chromedriverVersion: 2.40.565498 (ea082db3280dd6..., userDataDir: C:\Users\SRUTHI~1.KUN\AppDa...}, cssSelectorsEnabled: true, databaseEnabled: false, handlesAlerts: true, hasTouchScreen: false, javascriptEnabled: true, locationContextEnabled: true, mobileEmulationEnabled: false, nativeEvents: true, networkConnectionEnabled: false, pageLoadStrategy: normal, platform: XP, platformName: XP, rotatable: false, setWindowRect: true, takesHeapSnapshot: true, takesScreenshot: true, unexpectedAlertBehaviour: , unhandledPromptBehavior: , version: 67.0.3396.99, webStorageEnabled: true}
Session ID: 337460cb9d5b5a5a17b1ca22e7741b61&#13;
	at sun.reflect.NativeConstructorAccessorImpl.newInstance0(Native Method)&#13;
	at sun.reflect.NativeConstructorAccessorImpl.newInstance(NativeConstructorAccessorImpl.java:62)&#13;
	at sun.reflect.DelegatingConstructorAccessorImpl.newInstance(DelegatingConstructorAccessorImpl.java:45)&#13;
	at java.lang.reflect.Constructor.newInstance(Constructor.java:423)&#13;
	at org.openqa.selenium.remote.ErrorHandler.createThrowable(ErrorHandler.java:214)&#13;
	at org.openqa.selenium.remote.ErrorHandler.throwIfResponseFailed(ErrorHandler.java:166)&#13;
	at org.openqa.selenium.remote.http.JsonHttpResponseCodec.reconstructValue(JsonHttpResponseCodec.java:40)&#13;
	at org.openqa.selenium.remote.http.AbstractHttpResponseCodec.decode(AbstractHttpResponseCodec.java:80)&#13;
	at org.openqa.selenium.remote.http.AbstractHttpResponseCodec.decode(AbstractHttpResponseCodec.java:44)&#13;
	at org.openqa.selenium.remote.HttpCommandExecutor.execute(HttpCommandExecutor.java:164)&#13;
	at org.openqa.selenium.remote.service.DriverCommandExecutor.execute(DriverCommandExecutor.java:83)&#13;
	at org.openqa.selenium.remote.RemoteWebDriver.execute(RemoteWebDriver.java:600)&#13;
	at org.openqa.selenium.remote.RemoteWebElement.execute(RemoteWebElement.java:279)&#13;
	at org.openqa.selenium.remote.RemoteWebElement.click(RemoteWebElement.java:83)&#13;
	at com.pages.NewOutcomeCreationPage.clickOnNewBrandOutcomeButton(NewOutcomeCreationPage.java:85)&#13;
	at com.StepDefination.NewOutcomeCreationStepDef.i_click_on_New_Brand_Outcome_button(NewOutcomeCreationStepDef.java:96)&#13;
	at âœ½.And I click on New Brand Outcome button(NewOutcomeCreation.feature:16)&#13;
&#13;
</error>
            </testcase>
            <testcase name="And I select &quot;INTO Manchester (Parent)&quot; from parent record(| sruthi.kundoor@intoglobal.com.iupsfuat | Into1234 | INTO Manchester | outcome2-Sruthitest | Business | INTO Manchester " classname="Parent) |" time="0.001" ignored="true"/>
            <testcase name="And I click on Save brand outcome button(| sruthi.kundoor@intoglobal.com.iupsfuat | Into1234 | INTO Manchester | outcome2-Sruthitest | Business | INTO Manchester " classname="Parent) |" time="0.002" ignored="true"/>
            <testcase name="Then I should take a screenshot of Newoutcome(| sruthi.kundoor@intoglobal.com.iupsfuat | Into1234 | INTO Manchester | outcome2-Sruthitest | Business | INTO Manchester " classname="Parent) |" time="0.915" ignored="true"/>
          </testsuite>
          <testsuite name="| sruthi.kundoor@intoglobal.com.iupsfuat | Into1234 | INTO University of Stirling | outcome3-Sruthitest | social | INTO University of Stirling (Parent) |" time="21.852">
            <testcase name="Given I am in sales force homepage(| sruthi.kundoor@intoglobal.com.iupsfuat | Into1234 | INTO University of Stirling | outcome3-Sruthitest | social | INTO University of Stirling " classname="Parent) |" time="1.279"/>
            <testcase name="When I should see salesforce homepage(| sruthi.kundoor@intoglobal.com.iupsfuat | Into1234 | INTO University of Stirling | outcome3-Sruthitest | social | INTO University of Stirling " classname="Parent) |" time="1.968"/>
            <testcase name="And I select outcomes field from the tabs(| sruthi.kundoor@intoglobal.com.iupsfuat | Into1234 | INTO University of Stirling | outcome3-Sruthitest | social | INTO University of Stirling " classname="Parent) |" time="0.723"/>
            <testcase name="And I click on new button(| sruthi.kundoor@intoglobal.com.iupsfuat | Into1234 | INTO University of Stirling | outcome3-Sruthitest | social | INTO University of Stirling " classname="Parent) |" time="0.344"/>
            <testcase name="And I select &quot;INTO University of Stirling&quot; in the information(| sruthi.kundoor@intoglobal.com.iupsfuat | Into1234 | INTO University of Stirling | outcome3-Sruthitest | social | INTO University of Stirling " classname="Parent) |" time="0.121"/>
            <testcase name="And I enter &quot;outcome3-Sruthitest&quot;(| sruthi.kundoor@intoglobal.com.iupsfuat | Into1234 | INTO University of Stirling | outcome3-Sruthitest | social | INTO University of Stirling " classname="Parent) |" time="2.534"/>
            <testcase name="And I click on Save button(| sruthi.kundoor@intoglobal.com.iupsfuat | Into1234 | INTO University of Stirling | outcome3-Sruthitest | social | INTO University of Stirling " classname="Parent) |" time="0.102"/>
            <testcase name="And I click on Add button in master courses(| sruthi.kundoor@intoglobal.com.iupsfuat | Into1234 | INTO University of Stirling | outcome3-Sruthitest | social | INTO University of Stirling " classname="Parent) |" time="2.197"/>
            <testcase name="And I enter the &quot;social&quot; name(| sruthi.kundoor@intoglobal.com.iupsfuat | Into1234 | INTO University of Stirling | outcome3-Sruthitest | social | INTO University of Stirling " classname="Parent) |" time="0.176"/>
            <testcase name="And I click on Find button in master course(| sruthi.kundoor@intoglobal.com.iupsfuat | Into1234 | INTO University of Stirling | outcome3-Sruthitest | social | INTO University of Stirling " classname="Parent) |" time="2.774"/>
            <testcase name="And I select course of that particular university(| sruthi.kundoor@intoglobal.com.iupsfuat | Into1234 | INTO University of Stirling | outcome3-Sruthitest | social | INTO University of Stirling " classname="Parent) |" time="2.153"/>
            <testcase name="And I click on add selected button(| sruthi.kundoor@intoglobal.com.iupsfuat | Into1234 | INTO University of Stirling | outcome3-Sruthitest | social | INTO University of Stirling " classname="Parent) |" time="1.973"/>
            <testcase name="And I click on New Brand Outcome button(| sruthi.kundoor@intoglobal.com.iupsfuat | Into1234 | INTO University of Stirling | outcome3-Sruthitest | social | INTO University of Stirling " classname="Parent) |" time="0.283"/>
            <testcase name="And I select &quot;INTO University of Stirling (Parent)&quot; from parent record(| sruthi.kundoor@intoglobal.com.iupsfuat | Into1234 | INTO University of Stirling | outcome3-Sruthitest | social | INTO University of Stirling " classname="Parent) |" time="0.852"/>
            <testcase name="And I click on Save brand outcome button(| sruthi.kundoor@intoglobal.com.iupsfuat | Into1234 | INTO University of Stirling | outcome3-Sruthitest | social | INTO University of Stirling " classname="Parent) |" time="3.372"/>
            <testcase name="Then I should take a screenshot of Newoutcome(| sruthi.kundoor@intoglobal.com.iupsfuat | Into1234 | INTO University of Stirling | outcome3-Sruthitest | social | INTO University of Stirling " classname="Parent) |" time="1.001"/>
          </testsuite>
        </testsuite>
      </testsuite>
    </testsuite>
  </testsuite>
</testrun>
