<?xml version="1.0" encoding="UTF-8"?><testrun name="CucucmberRunner" project="ScenariosToAutomate" tests="26" started="26" failures="0" errors="4" ignored="0">
  <testsuite name="com.CucumberRunner.CucucmberRunner" time="308.27">
    <testsuite name="Feature: Course available online" time="308.27">
      <testsuite name="Scenario Outline: True To False" time="308.27">
        <testsuite name="Examples:" time="308.27">
          <testsuite name="| International Year One in Business | aCI3A000000Caf5WAC | //div[@class='ReferenceCard__title'][text()='International Year One in Business - January Start - 3 Terms - NCL - 2018/19'] | 01t3A000007GaTpQAK |" time="130.136" incomplete="true">
            <error>org.openqa.selenium.NoSuchWindowException: no such window: target window already closed
from unknown error: web view not found
  (Session info: chrome=67.0.3396.99)
  (Driver info: chromedriver=2.40.565498 (ea082db3280dd6843ebfb08a625e3eb905c4f5ab),platform=Windows NT 10.0.17134 x86_64) (WARNING: The server did not provide any stacktrace information)
Command duration or timeout: 0 milliseconds
Build info: version: '3.7.1', revision: '8a0099a', time: '2017-11-06T21:01:39.354Z'
System info: host: 'BTNISDL1PTPSF2', ip: '10.11.11.160', os.name: 'Windows 10', os.arch: 'amd64', os.version: '10.0', java.version: '1.8.0_172'
Driver info: org.openqa.selenium.chrome.ChromeDriver
Capabilities {acceptInsecureCerts: false, acceptSslCerts: false, applicationCacheEnabled: false, browserConnectionEnabled: false, browserName: chrome, chrome: {chromedriverVersion: 2.40.565498 (ea082db3280dd6..., userDataDir: C:\Users\SRUTHI~1.KUN\AppDa...}, cssSelectorsEnabled: true, databaseEnabled: false, handlesAlerts: true, hasTouchScreen: false, javascriptEnabled: true, locationContextEnabled: true, mobileEmulationEnabled: false, nativeEvents: true, networkConnectionEnabled: false, pageLoadStrategy: normal, platform: XP, platformName: XP, rotatable: false, setWindowRect: true, takesHeapSnapshot: true, takesScreenshot: true, unexpectedAlertBehaviour: , unhandledPromptBehavior: , version: 67.0.3396.99, webStorageEnabled: true}
Session ID: c9fe7472ab8a40adef63b841b5dc7070&#13;
	at sun.reflect.NativeConstructorAccessorImpl.newInstance0(Native Method)&#13;
	at sun.reflect.NativeConstructorAccessorImpl.newInstance(NativeConstructorAccessorImpl.java:62)&#13;
	at sun.reflect.DelegatingConstructorAccessorImpl.newInstance(DelegatingConstructorAccessorImpl.java:45)&#13;
	at java.lang.reflect.Constructor.newInstance(Constructor.java:423)&#13;
	at org.openqa.selenium.remote.ErrorHandler.createThrowable(ErrorHandler.java:214)&#13;
	at org.openqa.selenium.remote.ErrorHandler.throwIfResponseFailed(ErrorHandler.java:166)&#13;
	at org.openqa.selenium.remote.http.JsonHttpResponseCodec.reconstructValue(JsonHttpResponseCodec.java:40)&#13;
	at org.openqa.selenium.remote.http.AbstractHttpResponseCodec.decode(AbstractHttpResponseCodec.java:80)&#13;
	at org.openqa.selenium.remote.http.AbstractHttpResponseCodec.decode(AbstractHttpResponseCodec.java:44)&#13;
	at org.openqa.selenium.remote.HttpCommandExecutor.execute(HttpCommandExecutor.java:164)&#13;
	at org.openqa.selenium.remote.service.DriverCommandExecutor.execute(DriverCommandExecutor.java:83)&#13;
	at org.openqa.selenium.remote.RemoteWebDriver.execute(RemoteWebDriver.java:600)&#13;
	at org.openqa.selenium.remote.RemoteWebDriver.execute(RemoteWebDriver.java:657)&#13;
	at org.openqa.selenium.remote.RemoteWebDriver.getScreenshotAs(RemoteWebDriver.java:342)&#13;
	at com.Utilities.GlobalHooks.screenShot(GlobalHooks.java:51)&#13;
	at com.pages.CourseAvailableOnlinePage.AssertionForUntickedAvailableOption(CourseAvailableOnlinePage.java:106)&#13;
	at com.StepDefination.CourseAvalableOnlineStepDef.i_should_see_available_online_option_unticked(CourseAvalableOnlineStepDef.java:106)&#13;
	at âœ½.Then I should see available online option unticked(CourseAvailableOnline.feature:16)&#13;
&#13;
</error>
            <testcase name="Given I am in Contentful home page(| International Year One in Business | aCI3A000000Caf5WAC | //div[@class='ReferenceCard__title'][text" classname=")='International Year One in Business - January Start - 3 Terms - NCL - 2018/19'] | 01t3A000007GaTpQAK |" time="6.25"/>
            <testcase name="And I select Outcome in the dropdown(| International Year One in Business | aCI3A000000Caf5WAC | //div[@class='ReferenceCard__title'][text" classname=")='International Year One in Business - January Start - 3 Terms - NCL - 2018/19'] | 01t3A000007GaTpQAK |" time="1.425"/>
            <testcase name="And I select scheduledcourse in the outcome(| International Year One in Business | aCI3A000000Caf5WAC | //div[@class='ReferenceCard__title'][text" classname=")='International Year One in Business - January Start - 3 Terms - NCL - 2018/19'] | 01t3A000007GaTpQAK |" time="1.869"/>
            <testcase name="And I enter &quot;International Year One in Business&quot; in search area(| International Year One in Business | aCI3A000000Caf5WAC | //div[@class='ReferenceCard__title'][text" classname=")='International Year One in Business - January Start - 3 Terms - NCL - 2018/19'] | 01t3A000007GaTpQAK |" time="0.044"/>
            <testcase name="And I click on search button(| International Year One in Business | aCI3A000000Caf5WAC | //div[@class='ReferenceCard__title'][text" classname=")='International Year One in Business - January Start - 3 Terms - NCL - 2018/19'] | 01t3A000007GaTpQAK |" time="1.977"/>
            <testcase name="And I select &quot;aCI3A000000Caf5WAC&quot;in search results(| International Year One in Business | aCI3A000000Caf5WAC | //div[@class='ReferenceCard__title'][text" classname=")='International Year One in Business - January Start - 3 Terms - NCL - 2018/19'] | 01t3A000007GaTpQAK |" time="10.097"/>
            <testcase name="And I click on that selected &quot;//div[@class='ReferenceCard__title'][text()='International Year One in Business - January Start - 3 Terms - NCL - 2018/19']&quot;from search results(| International Year One in Business | aCI3A000000Caf5WAC | //div[@class='ReferenceCard__title'][text" classname=")='International Year One in Business - January Start - 3 Terms - NCL - 2018/19'] | 01t3A000007GaTpQAK |" time="6.91"/>
            <testcase name="When I am navigating to salesforce(| International Year One in Business | aCI3A000000Caf5WAC | //div[@class='ReferenceCard__title'][text" classname=")='International Year One in Business - January Start - 3 Terms - NCL - 2018/19'] | 01t3A000007GaTpQAK |" time="3.231"/>
            <testcase name="And I am searching for scheduled course with &quot;01t3A000007GaTpQAK&quot;(| International Year One in Business | aCI3A000000Caf5WAC | //div[@class='ReferenceCard__title'][text" classname=")='International Year One in Business - January Start - 3 Terms - NCL - 2018/19'] | 01t3A000007GaTpQAK |" time="0.055"/>
            <testcase name="And I scroll the page to see Available online option(| International Year One in Business | aCI3A000000Caf5WAC | //div[@class='ReferenceCard__title'][text" classname=")='International Year One in Business - January Start - 3 Terms - NCL - 2018/19'] | 01t3A000007GaTpQAK |" time="10.349"/>
            <testcase name="And I am double click on Available online option(| International Year One in Business | aCI3A000000Caf5WAC | //div[@class='ReferenceCard__title'][text" classname=")='International Year One in Business - January Start - 3 Terms - NCL - 2018/19'] | 01t3A000007GaTpQAK |" time="5.167"/>
            <testcase name="And I click on save button(| International Year One in Business | aCI3A000000Caf5WAC | //div[@class='ReferenceCard__title'][text" classname=")='International Year One in Business - January Start - 3 Terms - NCL - 2018/19'] | 01t3A000007GaTpQAK |" time="82.754"/>
            <testcase name="Then I should see available online option unticked(| International Year One in Business | aCI3A000000Caf5WAC | //div[@class='ReferenceCard__title'][text" classname=")='International Year One in Business - January Start - 3 Terms - NCL - 2018/19'] | 01t3A000007GaTpQAK |" time="0.008">
              <error>org.openqa.selenium.NoSuchWindowException: no such window: target window already closed
from unknown error: web view not found
  (Session info: chrome=67.0.3396.99)
  (Driver info: chromedriver=2.40.565498 (ea082db3280dd6843ebfb08a625e3eb905c4f5ab),platform=Windows NT 10.0.17134 x86_64) (WARNING: The server did not provide any stacktrace information)
Command duration or timeout: 0 milliseconds
Build info: version: '3.7.1', revision: '8a0099a', time: '2017-11-06T21:01:39.354Z'
System info: host: 'BTNISDL1PTPSF2', ip: '10.11.11.160', os.name: 'Windows 10', os.arch: 'amd64', os.version: '10.0', java.version: '1.8.0_172'
Driver info: org.openqa.selenium.chrome.ChromeDriver
Capabilities {acceptInsecureCerts: false, acceptSslCerts: false, applicationCacheEnabled: false, browserConnectionEnabled: false, browserName: chrome, chrome: {chromedriverVersion: 2.40.565498 (ea082db3280dd6..., userDataDir: C:\Users\SRUTHI~1.KUN\AppDa...}, cssSelectorsEnabled: true, databaseEnabled: false, handlesAlerts: true, hasTouchScreen: false, javascriptEnabled: true, locationContextEnabled: true, mobileEmulationEnabled: false, nativeEvents: true, networkConnectionEnabled: false, pageLoadStrategy: normal, platform: XP, platformName: XP, rotatable: false, setWindowRect: true, takesHeapSnapshot: true, takesScreenshot: true, unexpectedAlertBehaviour: , unhandledPromptBehavior: , version: 67.0.3396.99, webStorageEnabled: true}
Session ID: c9fe7472ab8a40adef63b841b5dc7070&#13;
	at sun.reflect.NativeConstructorAccessorImpl.newInstance0(Native Method)&#13;
	at sun.reflect.NativeConstructorAccessorImpl.newInstance(NativeConstructorAccessorImpl.java:62)&#13;
	at sun.reflect.DelegatingConstructorAccessorImpl.newInstance(DelegatingConstructorAccessorImpl.java:45)&#13;
	at java.lang.reflect.Constructor.newInstance(Constructor.java:423)&#13;
	at org.openqa.selenium.remote.ErrorHandler.createThrowable(ErrorHandler.java:214)&#13;
	at org.openqa.selenium.remote.ErrorHandler.throwIfResponseFailed(ErrorHandler.java:166)&#13;
	at org.openqa.selenium.remote.http.JsonHttpResponseCodec.reconstructValue(JsonHttpResponseCodec.java:40)&#13;
	at org.openqa.selenium.remote.http.AbstractHttpResponseCodec.decode(AbstractHttpResponseCodec.java:80)&#13;
	at org.openqa.selenium.remote.http.AbstractHttpResponseCodec.decode(AbstractHttpResponseCodec.java:44)&#13;
	at org.openqa.selenium.remote.HttpCommandExecutor.execute(HttpCommandExecutor.java:164)&#13;
	at org.openqa.selenium.remote.service.DriverCommandExecutor.execute(DriverCommandExecutor.java:83)&#13;
	at org.openqa.selenium.remote.RemoteWebDriver.execute(RemoteWebDriver.java:600)&#13;
	at org.openqa.selenium.remote.RemoteWebDriver.execute(RemoteWebDriver.java:657)&#13;
	at org.openqa.selenium.remote.RemoteWebDriver.getScreenshotAs(RemoteWebDriver.java:342)&#13;
	at com.Utilities.GlobalHooks.screenShot(GlobalHooks.java:51)&#13;
	at com.pages.CourseAvailableOnlinePage.AssertionForUntickedAvailableOption(CourseAvailableOnlinePage.java:106)&#13;
	at com.StepDefination.CourseAvalableOnlineStepDef.i_should_see_available_online_option_unticked(CourseAvalableOnlineStepDef.java:106)&#13;
	at âœ½.Then I should see available online option unticked(CourseAvailableOnline.feature:16)&#13;
&#13;
</error>
            </testcase>
          </testsuite>
          <testsuite name="| International Year One in Business | aCI3A000000CafBWAS | //div[@class='ReferenceCard__title'][text()='International Year One in Business - September Start - 3 Terms - NUL - 2018/19'] | 01t3A000007GaxsQAC |" time="159.53" incomplete="true">
            <error>org.openqa.selenium.NoSuchWindowException: no such window: target window already closed
from unknown error: web view not found
  (Session info: chrome=67.0.3396.99)
  (Driver info: chromedriver=2.40.565498 (ea082db3280dd6843ebfb08a625e3eb905c4f5ab),platform=Windows NT 10.0.17134 x86_64) (WARNING: The server did not provide any stacktrace information)
Command duration or timeout: 0 milliseconds
Build info: version: '3.7.1', revision: '8a0099a', time: '2017-11-06T21:01:39.354Z'
System info: host: 'BTNISDL1PTPSF2', ip: '10.11.11.160', os.name: 'Windows 10', os.arch: 'amd64', os.version: '10.0', java.version: '1.8.0_172'
Driver info: org.openqa.selenium.chrome.ChromeDriver
Capabilities {acceptInsecureCerts: false, acceptSslCerts: false, applicationCacheEnabled: false, browserConnectionEnabled: false, browserName: chrome, chrome: {chromedriverVersion: 2.40.565498 (ea082db3280dd6..., userDataDir: C:\Users\SRUTHI~1.KUN\AppDa...}, cssSelectorsEnabled: true, databaseEnabled: false, handlesAlerts: true, hasTouchScreen: false, javascriptEnabled: true, locationContextEnabled: true, mobileEmulationEnabled: false, nativeEvents: true, networkConnectionEnabled: false, pageLoadStrategy: normal, platform: XP, platformName: XP, rotatable: false, setWindowRect: true, takesHeapSnapshot: true, takesScreenshot: true, unexpectedAlertBehaviour: , unhandledPromptBehavior: , version: 67.0.3396.99, webStorageEnabled: true}
Session ID: 7e791c4f6a9c6561d6b0233172169c0d&#13;
	at sun.reflect.NativeConstructorAccessorImpl.newInstance0(Native Method)&#13;
	at sun.reflect.NativeConstructorAccessorImpl.newInstance(NativeConstructorAccessorImpl.java:62)&#13;
	at sun.reflect.DelegatingConstructorAccessorImpl.newInstance(DelegatingConstructorAccessorImpl.java:45)&#13;
	at java.lang.reflect.Constructor.newInstance(Constructor.java:423)&#13;
	at org.openqa.selenium.remote.ErrorHandler.createThrowable(ErrorHandler.java:214)&#13;
	at org.openqa.selenium.remote.ErrorHandler.throwIfResponseFailed(ErrorHandler.java:166)&#13;
	at org.openqa.selenium.remote.http.JsonHttpResponseCodec.reconstructValue(JsonHttpResponseCodec.java:40)&#13;
	at org.openqa.selenium.remote.http.AbstractHttpResponseCodec.decode(AbstractHttpResponseCodec.java:80)&#13;
	at org.openqa.selenium.remote.http.AbstractHttpResponseCodec.decode(AbstractHttpResponseCodec.java:44)&#13;
	at org.openqa.selenium.remote.HttpCommandExecutor.execute(HttpCommandExecutor.java:164)&#13;
	at org.openqa.selenium.remote.service.DriverCommandExecutor.execute(DriverCommandExecutor.java:83)&#13;
	at org.openqa.selenium.remote.RemoteWebDriver.execute(RemoteWebDriver.java:600)&#13;
	at org.openqa.selenium.remote.RemoteWebDriver.execute(RemoteWebDriver.java:657)&#13;
	at org.openqa.selenium.remote.RemoteWebDriver.getScreenshotAs(RemoteWebDriver.java:342)&#13;
	at com.Utilities.GlobalHooks.screenShot(GlobalHooks.java:51)&#13;
	at com.pages.CourseAvailableOnlinePage.AssertionForUntickedAvailableOption(CourseAvailableOnlinePage.java:106)&#13;
	at com.StepDefination.CourseAvalableOnlineStepDef.i_should_see_available_online_option_unticked(CourseAvalableOnlineStepDef.java:106)&#13;
	at âœ½.Then I should see available online option unticked(CourseAvailableOnline.feature:16)&#13;
&#13;
</error>
            <testcase name="Given I am in Contentful home page(| International Year One in Business | aCI3A000000CafBWAS | //div[@class='ReferenceCard__title'][text" classname=")='International Year One in Business - September Start - 3 Terms - NUL - 2018/19'] | 01t3A000007GaxsQAC |" time="8.772"/>
            <testcase name="And I select Outcome in the dropdown(| International Year One in Business | aCI3A000000CafBWAS | //div[@class='ReferenceCard__title'][text" classname=")='International Year One in Business - September Start - 3 Terms - NUL - 2018/19'] | 01t3A000007GaxsQAC |" time="6.666"/>
            <testcase name="And I select scheduledcourse in the outcome(| International Year One in Business | aCI3A000000CafBWAS | //div[@class='ReferenceCard__title'][text" classname=")='International Year One in Business - September Start - 3 Terms - NUL - 2018/19'] | 01t3A000007GaxsQAC |" time="3.549"/>
            <testcase name="And I enter &quot;International Year One in Business&quot; in search area(| International Year One in Business | aCI3A000000CafBWAS | //div[@class='ReferenceCard__title'][text" classname=")='International Year One in Business - September Start - 3 Terms - NUL - 2018/19'] | 01t3A000007GaxsQAC |" time="0.048"/>
            <testcase name="And I click on search button(| International Year One in Business | aCI3A000000CafBWAS | //div[@class='ReferenceCard__title'][text" classname=")='International Year One in Business - September Start - 3 Terms - NUL - 2018/19'] | 01t3A000007GaxsQAC |" time="2.419"/>
            <testcase name="And I select &quot;aCI3A000000CafBWAS&quot;in search results(| International Year One in Business | aCI3A000000CafBWAS | //div[@class='ReferenceCard__title'][text" classname=")='International Year One in Business - September Start - 3 Terms - NUL - 2018/19'] | 01t3A000007GaxsQAC |" time="9.26"/>
            <testcase name="And I click on that selected &quot;//div[@class='ReferenceCard__title'][text()='International Year One in Business - September Start - 3 Terms - NUL - 2018/19']&quot;from search results(| International Year One in Business | aCI3A000000CafBWAS | //div[@class='ReferenceCard__title'][text" classname=")='International Year One in Business - September Start - 3 Terms - NUL - 2018/19'] | 01t3A000007GaxsQAC |" time="5.57"/>
            <testcase name="When I am navigating to salesforce(| International Year One in Business | aCI3A000000CafBWAS | //div[@class='ReferenceCard__title'][text" classname=")='International Year One in Business - September Start - 3 Terms - NUL - 2018/19'] | 01t3A000007GaxsQAC |" time="4.299"/>
            <testcase name="And I am searching for scheduled course with &quot;01t3A000007GaxsQAC&quot;(| International Year One in Business | aCI3A000000CafBWAS | //div[@class='ReferenceCard__title'][text" classname=")='International Year One in Business - September Start - 3 Terms - NUL - 2018/19'] | 01t3A000007GaxsQAC |" time="0.002"/>
            <testcase name="And I scroll the page to see Available online option(| International Year One in Business | aCI3A000000CafBWAS | //div[@class='ReferenceCard__title'][text" classname=")='International Year One in Business - September Start - 3 Terms - NUL - 2018/19'] | 01t3A000007GaxsQAC |" time="10.453"/>
            <testcase name="And I am double click on Available online option(| International Year One in Business | aCI3A000000CafBWAS | //div[@class='ReferenceCard__title'][text" classname=")='International Year One in Business - September Start - 3 Terms - NUL - 2018/19'] | 01t3A000007GaxsQAC |" time="5.155"/>
            <testcase name="And I click on save button(| International Year One in Business | aCI3A000000CafBWAS | //div[@class='ReferenceCard__title'][text" classname=")='International Year One in Business - September Start - 3 Terms - NUL - 2018/19'] | 01t3A000007GaxsQAC |" time="103.336"/>
            <testcase name="Then I should see available online option unticked(| International Year One in Business | aCI3A000000CafBWAS | //div[@class='ReferenceCard__title'][text" classname=")='International Year One in Business - September Start - 3 Terms - NUL - 2018/19'] | 01t3A000007GaxsQAC |" time="0.0">
              <error>org.openqa.selenium.NoSuchWindowException: no such window: target window already closed
from unknown error: web view not found
  (Session info: chrome=67.0.3396.99)
  (Driver info: chromedriver=2.40.565498 (ea082db3280dd6843ebfb08a625e3eb905c4f5ab),platform=Windows NT 10.0.17134 x86_64) (WARNING: The server did not provide any stacktrace information)
Command duration or timeout: 0 milliseconds
Build info: version: '3.7.1', revision: '8a0099a', time: '2017-11-06T21:01:39.354Z'
System info: host: 'BTNISDL1PTPSF2', ip: '10.11.11.160', os.name: 'Windows 10', os.arch: 'amd64', os.version: '10.0', java.version: '1.8.0_172'
Driver info: org.openqa.selenium.chrome.ChromeDriver
Capabilities {acceptInsecureCerts: false, acceptSslCerts: false, applicationCacheEnabled: false, browserConnectionEnabled: false, browserName: chrome, chrome: {chromedriverVersion: 2.40.565498 (ea082db3280dd6..., userDataDir: C:\Users\SRUTHI~1.KUN\AppDa...}, cssSelectorsEnabled: true, databaseEnabled: false, handlesAlerts: true, hasTouchScreen: false, javascriptEnabled: true, locationContextEnabled: true, mobileEmulationEnabled: false, nativeEvents: true, networkConnectionEnabled: false, pageLoadStrategy: normal, platform: XP, platformName: XP, rotatable: false, setWindowRect: true, takesHeapSnapshot: true, takesScreenshot: true, unexpectedAlertBehaviour: , unhandledPromptBehavior: , version: 67.0.3396.99, webStorageEnabled: true}
Session ID: 7e791c4f6a9c6561d6b0233172169c0d&#13;
	at sun.reflect.NativeConstructorAccessorImpl.newInstance0(Native Method)&#13;
	at sun.reflect.NativeConstructorAccessorImpl.newInstance(NativeConstructorAccessorImpl.java:62)&#13;
	at sun.reflect.DelegatingConstructorAccessorImpl.newInstance(DelegatingConstructorAccessorImpl.java:45)&#13;
	at java.lang.reflect.Constructor.newInstance(Constructor.java:423)&#13;
	at org.openqa.selenium.remote.ErrorHandler.createThrowable(ErrorHandler.java:214)&#13;
	at org.openqa.selenium.remote.ErrorHandler.throwIfResponseFailed(ErrorHandler.java:166)&#13;
	at org.openqa.selenium.remote.http.JsonHttpResponseCodec.reconstructValue(JsonHttpResponseCodec.java:40)&#13;
	at org.openqa.selenium.remote.http.AbstractHttpResponseCodec.decode(AbstractHttpResponseCodec.java:80)&#13;
	at org.openqa.selenium.remote.http.AbstractHttpResponseCodec.decode(AbstractHttpResponseCodec.java:44)&#13;
	at org.openqa.selenium.remote.HttpCommandExecutor.execute(HttpCommandExecutor.java:164)&#13;
	at org.openqa.selenium.remote.service.DriverCommandExecutor.execute(DriverCommandExecutor.java:83)&#13;
	at org.openqa.selenium.remote.RemoteWebDriver.execute(RemoteWebDriver.java:600)&#13;
	at org.openqa.selenium.remote.RemoteWebDriver.execute(RemoteWebDriver.java:657)&#13;
	at org.openqa.selenium.remote.RemoteWebDriver.getScreenshotAs(RemoteWebDriver.java:342)&#13;
	at com.Utilities.GlobalHooks.screenShot(GlobalHooks.java:51)&#13;
	at com.pages.CourseAvailableOnlinePage.AssertionForUntickedAvailableOption(CourseAvailableOnlinePage.java:106)&#13;
	at com.StepDefination.CourseAvalableOnlineStepDef.i_should_see_available_online_option_unticked(CourseAvalableOnlineStepDef.java:106)&#13;
	at âœ½.Then I should see available online option unticked(CourseAvailableOnline.feature:16)&#13;
&#13;
</error>
            </testcase>
          </testsuite>
        </testsuite>
      </testsuite>
    </testsuite>
  </testsuite>
</testrun>
